#
# There is insufficient memory for the Java Runtime Environment to continue.
# Native memory allocation (mmap) failed to map 63963136 bytes for committing reserved memory.
# Possible reasons:
#   The system is out of physical RAM or swap space
#   In 32 bit mode, the process size limit was hit
# Possible solutions:
#   Reduce memory load on the system
#   Increase physical memory or swap space
#   Check if swap backing store is full
#   Use 64 bit Java on a 64 bit OS
#   Decrease Java heap size (-Xmx/-Xms)
#   Decrease number of Java threads
#   Decrease Java thread stack sizes (-Xss)
#   Set larger code cache with -XX:ReservedCodeCacheSize=
# This output file may be truncated or incomplete.
#
#  Out of Memory Error (os_linux.cpp:2640), pid=8522, tid=0x00007efc3c7f7700
#
# JRE version: OpenJDK Runtime Environment (8.0_152-b06) (build 1.8.0_152-release-1136-b06)
# Java VM: OpenJDK 64-Bit Server VM (25.152-b06 mixed mode linux-amd64 compressed oops)
# Failed to write core dump. Core dumps have been disabled. To enable core dumping, try "ulimit -c unlimited" before starting Java again
#

---------------  T H R E A D  ---------------

Current thread (0x00007efc54079000):  VMThread [stack: 0x00007efc3c6f8000,0x00007efc3c7f8000] [id=8530]

Stack: [0x00007efc3c6f8000,0x00007efc3c7f8000],  sp=0x00007efc3c7f6520,  free space=1017k
Native frames: (J=compiled Java code, j=interpreted, Vv=VM code, C=native code)
V  [libjvm.so+0xa70d3f]  VMError::report_and_die()+0x2af
V  [libjvm.so+0x4c7207]  report_vm_out_of_memory(char const*, int, unsigned long, VMErrorType, char const*)+0x67
V  [libjvm.so+0x8b5b70]  os::pd_commit_memory(char*, unsigned long, unsigned long, bool)+0x100
V  [libjvm.so+0x8b078f]  os::commit_memory(char*, unsigned long, unsigned long, bool)+0x1f
V  [libjvm.so+0x92e446]  PSVirtualSpace::expand_by(unsigned long)+0x56
V  [libjvm.so+0x92f6d8]  PSYoungGen::resize(unsigned long, unsigned long)+0xd8
V  [libjvm.so+0x92be66]  PSScavenge::invoke_no_policy()+0x1356
V  [libjvm.so+0x92c20c]  PSScavenge::invoke()+0x4c
V  [libjvm.so+0x8dbda8]  ParallelScavengeHeap::failed_mem_allocate(unsigned long)+0x68
V  [libjvm.so+0xa72873]  VM_ParallelGCFailedAllocation::doit()+0x93
V  [libjvm.so+0xa778a6]  VM_Operation::evaluate()+0x46
V  [libjvm.so+0xa75102]  VMThread::evaluate_operation(VM_Operation*) [clone .constprop.31]+0xa2
V  [libjvm.so+0xa7652b]  VMThread::loop()+0x37b
V  [libjvm.so+0xa768d8]  VMThread::run()+0x78
V  [libjvm.so+0x8b3332]  java_start(Thread*)+0x102

VM_Operation (0x00007efc17dfab70): ParallelGCFailedAllocation, mode: safepoint, requested by thread 0x00007efbe0822800


---------------  P R O C E S S  ---------------

Java Threads: ( => current thread )
  0x00007efbe0822800 JavaThread "Build operations Thread 4" [_thread_blocked, id=8557, stack(0x00007efc17cfd000,0x00007efc17dfe000)]
  0x00007efbe0821000 JavaThread "Build operations Thread 3" [_thread_blocked, id=8556, stack(0x00007efc17dfe000,0x00007efc17eff000)]
  0x00007efbe038c800 JavaThread "Build operations Thread 2" [_thread_blocked, id=8555, stack(0x00007efc17eff000,0x00007efc18000000)]
  0x00007efbe038c000 JavaThread "Build operations" [_thread_blocked, id=8554, stack(0x00007efc1c0b9000,0x00007efc1c1ba000)]
  0x00007efbe0d0e000 JavaThread "Cache worker for Artifact transforms cache (/home/sergey/.gradle/caches/transforms-1)" [_thread_blocked, id=8553, stack(0x00007efc1d4c8000,0x00007efc1d5c9000)]
  0x00007efbe0323000 JavaThread "Cache worker for file hash cache (/home/sergey/AndroidStudioProjects/McKeeper/.gradle/4.6/fileHashes)" [_thread_blocked, id=8551, stack(0x00007efc1e634000,0x00007efc1e735000)]
  0x00007efbe0266000 JavaThread "File lock request listener" [_thread_in_native, id=8550, stack(0x00007efc1e935000,0x00007efc1ea36000)]
  0x00007efbe016a000 JavaThread "Cache worker for file hash cache (/home/sergey/.gradle/caches/4.6/fileHashes)" [_thread_blocked, id=8549, stack(0x00007efc1ea36000,0x00007efc1eb37000)]
  0x00007efbe0015000 JavaThread "Stdin handler" [_thread_blocked, id=8548, stack(0x00007efc1eb37000,0x00007efc1ec38000)]
  0x00007efbe0007000 JavaThread "Asynchronous log dispatcher for DefaultDaemonConnection: socket connection from /127.0.0.1:34715 to /127.0.0.1:47004" [_thread_blocked, id=8547, stack(0x00007efc1ec38000,0x00007efc1ed39000)]
  0x00007efbf400c000 JavaThread "Daemon worker" [_thread_blocked, id=8544, stack(0x00007efc1ef39000,0x00007efc1f03a000)]
  0x00007efbf400a800 JavaThread "Cancel handler" [_thread_blocked, id=8543, stack(0x00007efc1f03a000,0x00007efc1f13b000)]
  0x00007efbf4004000 JavaThread "Handler for socket connection from /127.0.0.1:34715 to /127.0.0.1:47004" [_thread_in_native, id=8542, stack(0x00007efc1f13b000,0x00007efc1f23c000)]
  0x00007efbfc01d000 JavaThread "Daemon" [_thread_blocked, id=8541, stack(0x00007efc1f23c000,0x00007efc1f33d000)]
  0x00007efc54ea4000 JavaThread "Daemon periodic checks" [_thread_blocked, id=8540, stack(0x00007efc1f33d000,0x00007efc1f43e000)]
  0x00007efc54e87000 JavaThread "Incoming local TCP Connector on port 34715" [_thread_in_native, id=8539, stack(0x00007efc1f445000,0x00007efc1f546000)]
  0x00007efc540c1000 JavaThread "Service Thread" daemon [_thread_blocked, id=8537, stack(0x00007efc37afb000,0x00007efc37bfc000)]
  0x00007efc540be000 JavaThread "C1 CompilerThread2" daemon [_thread_blocked, id=8536, stack(0x00007efc37bfd000,0x00007efc37cfd000)]
  0x00007efc540bc000 JavaThread "C2 CompilerThread1" daemon [_thread_blocked, id=8535, stack(0x00007efc37cfe000,0x00007efc37dfe000)]
  0x00007efc540b9800 JavaThread "C2 CompilerThread0" daemon [_thread_blocked, id=8534, stack(0x00007efc37dff000,0x00007efc37eff000)]
  0x00007efc540b8000 JavaThread "Signal Dispatcher" daemon [_thread_blocked, id=8533, stack(0x00007efc37eff000,0x00007efc38000000)]
  0x00007efc54085000 JavaThread "Finalizer" daemon [_thread_blocked, id=8532, stack(0x00007efc3c4f5000,0x00007efc3c5f6000)]
  0x00007efc54080800 JavaThread "Reference Handler" daemon [_thread_blocked, id=8531, stack(0x00007efc3c5f6000,0x00007efc3c6f7000)]
  0x00007efc5400b000 JavaThread "main" [_thread_blocked, id=8525, stack(0x00007efc5c17e000,0x00007efc5c27e000)]

Other Threads:
=>0x00007efc54079000 VMThread [stack: 0x00007efc3c6f8000,0x00007efc3c7f8000] [id=8530]
  0x00007efc540c3800 WatcherThread [stack: 0x00007efc379fb000,0x00007efc37afb000] [id=8538]

VM state:at safepoint (normal execution)

VM Mutex/Monitor currently owned by a thread:  ([mutex/lock_event])
[0x00007efc54007af0] Threads_lock - owner thread: 0x00007efc54079000
[0x00007efc54007ff0] Heap_lock - owner thread: 0x00007efbe0822800

Heap:
 PSYoungGen      total 224768K, used 706K [0x00000000e0000000, 0x00000000ee680000, 0x0000000100000000)
  eden space 213504K, 0% used [0x00000000e0000000,0x00000000e0000000,0x00000000ed080000)
  from space 11264K, 6% used [0x00000000ed080000,0x00000000ed130b10,0x00000000edb80000)
  to   space 5632K, 0% used [0x00000000ee100000,0x00000000ee100000,0x00000000ee680000)
 ParOldGen       total 53248K, used 20396K [0x00000000a0000000, 0x00000000a3400000, 0x00000000e0000000)
  object space 53248K, 38% used [0x00000000a0000000,0x00000000a13eb0d0,0x00000000a3400000)
 Metaspace       used 40994K, capacity 41778K, committed 42200K, reserved 1085440K
  class space    used 5312K, capacity 5566K, committed 5632K, reserved 1048576K

Card table byte_map: [0x00007efc58bfc000,0x00007efc58efd000] byte_map_base: 0x00007efc586fc000

Marking Bits: (ParMarkBitMap*) 0x00007efc5b63e160
 Begin Bits: [0x00007efc3d000000, 0x00007efc3e800000)
 End Bits:   [0x00007efc3e800000, 0x00007efc40000000)

Polling page: 0x00007efc5c2ad000

CodeCache: size=245760Kb used=18458Kb max_used=19911Kb free=227301Kb
 bounds [0x00007efc45000000, 0x00007efc463a0000, 0x00007efc54000000]
 total_blobs=6005 nmethods=5286 adapters=632
 compilation: enabled

Compilation events (10 events):
Event: 52,452 Thread 0x00007efc540be000 nmethod 6429 0x00007efc452dea90 code [0x00007efc452debe0, 0x00007efc452ded30]
Event: 52,469 Thread 0x00007efc540be000 6430       3       org.apache.http.impl.conn.PoolingHttpClientConnectionManager::access$000 (6 bytes)
Event: 52,472 Thread 0x00007efc540be000 nmethod 6430 0x00007efc45341050 code [0x00007efc453411e0, 0x00007efc45341668]
Event: 52,617 Thread 0x00007efc540bc000 nmethod 6431 0x00007efc45149690 code [0x00007efc451497e0, 0x00007efc451498f8]
Event: 52,617 Thread 0x00007efc540b9800 nmethod 6432 0x00007efc457e1590 code [0x00007efc457e1700, 0x00007efc457e1818]
Event: 52,641 Thread 0x00007efc540be000 6434       3       org.gradle.internal.progress.DefaultBuildOperationExecutor$CallableBuildOperationWorker::execute (12 bytes)
Event: 52,643 Thread 0x00007efc540b9800 6433       4       org.gradle.internal.resource.ExternalResourceName::encode (338 bytes)
Event: 52,909 Thread 0x00007efc540bc000 6440       4       java.lang.String::regionMatches (91 bytes)
Event: 53,890 Thread 0x00007efc540be000 nmethod 6434 0x00007efc45588110 code [0x00007efc45588280, 0x00007efc455884c8]
Event: 54,008 Thread 0x00007efc540be000 6438       3       java.util.Collections$SingletonList::iterator (8 bytes)

GC Heap History (10 events):
Event: 9,134 GC heap after
Heap after GC invocations=12 (full 1):
 PSYoungGen      total 140800K, used 8305K [0x00000000e0000000, 0x00000000ebb00000, 0x0000000100000000)
  eden space 130048K, 0% used [0x00000000e0000000,0x00000000e0000000,0x00000000e7f00000)
  from space 10752K, 77% used [0x00000000e7f00000,0x00000000e871c5c0,0x00000000e8980000)
  to   space 11264K, 0% used [0x00000000eb000000,0x00000000eb000000,0x00000000ebb00000)
 ParOldGen       total 37376K, used 17155K [0x00000000a0000000, 0x00000000a2480000, 0x00000000e0000000)
  object space 37376K, 45% used [0x00000000a0000000,0x00000000a10c0d48,0x00000000a2480000)
 Metaspace       used 33108K, capacity 33800K, committed 34048K, reserved 1079296K
  class space    used 4540K, capacity 4795K, committed 4864K, reserved 1048576K
}
Event: 9,361 GC heap before
{Heap before GC invocations=13 (full 1):
 PSYoungGen      total 140800K, used 23427K [0x00000000e0000000, 0x00000000ebb00000, 0x0000000100000000)
  eden space 130048K, 11% used [0x00000000e0000000,0x00000000e0ec4790,0x00000000e7f00000)
  from space 10752K, 77% used [0x00000000e7f00000,0x00000000e871c5c0,0x00000000e8980000)
  to   space 11264K, 0% used [0x00000000eb000000,0x00000000eb000000,0x00000000ebb00000)
 ParOldGen       total 37376K, used 17155K [0x00000000a0000000, 0x00000000a2480000, 0x00000000e0000000)
  object space 37376K, 45% used [0x00000000a0000000,0x00000000a10c0d48,0x00000000a2480000)
 Metaspace       used 34629K, capacity 35352K, committed 35416K, reserved 1079296K
  class space    used 4725K, capacity 4965K, committed 4992K, reserved 1048576K
Event: 9,372 GC heap after
Heap after GC invocations=13 (full 1):
 PSYoungGen      total 180224K, used 6605K [0x00000000e0000000, 0x00000000ec480000, 0x0000000100000000)
  eden space 168960K, 0% used [0x00000000e0000000,0x00000000e0000000,0x00000000ea500000)
  from space 11264K, 58% used [0x00000000eb000000,0x00000000eb673630,0x00000000ebb00000)
  to   space 11264K, 0% used [0x00000000ea500000,0x00000000ea500000,0x00000000eb000000)
 ParOldGen       total 37376K, used 17259K [0x00000000a0000000, 0x00000000a2480000, 0x00000000e0000000)
  object space 37376K, 46% used [0x00000000a0000000,0x00000000a10dad48,0x00000000a2480000)
 Metaspace       used 34629K, capacity 35352K, committed 35416K, reserved 1079296K
  class space    used 4725K, capacity 4965K, committed 4992K, reserved 1048576K
}
Event: 9,372 GC heap before
{Heap before GC invocations=14 (full 2):
 PSYoungGen      total 180224K, used 6605K [0x00000000e0000000, 0x00000000ec480000, 0x0000000100000000)
  eden space 168960K, 0% used [0x00000000e0000000,0x00000000e0000000,0x00000000ea500000)
  from space 11264K, 58% used [0x00000000eb000000,0x00000000eb673630,0x00000000ebb00000)
  to   space 11264K, 0% used [0x00000000ea500000,0x00000000ea500000,0x00000000eb000000)
 ParOldGen       total 37376K, used 17259K [0x00000000a0000000, 0x00000000a2480000, 0x00000000e0000000)
  object space 37376K, 46% used [0x00000000a0000000,0x00000000a10dad48,0x00000000a2480000)
 Metaspace       used 34629K, capacity 35352K, committed 35416K, reserved 1079296K
  class space    used 4725K, capacity 4965K, committed 4992K, reserved 1048576K
Event: 9,486 GC heap after
Heap after GC invocations=14 (full 2):
 PSYoungGen      total 180224K, used 0K [0x00000000e0000000, 0x00000000ec480000, 0x0000000100000000)
  eden space 168960K, 0% used [0x00000000e0000000,0x00000000e0000000,0x00000000ea500000)
  from space 11264K, 0% used [0x00000000eb000000,0x00000000eb000000,0x00000000ebb00000)
  to   space 11264K, 0% used [0x00000000ea500000,0x00000000ea500000,0x00000000eb000000)
 ParOldGen       total 53248K, used 16381K [0x00000000a0000000, 0x00000000a3400000, 0x00000000e0000000)
  object space 53248K, 30% used [0x00000000a0000000,0x00000000a0fff400,0x00000000a3400000)
 Metaspace       used 34559K, capacity 35196K, committed 35416K, reserved 1079296K
  class space    used 4706K, capacity 4913K, committed 4992K, reserved 1048576K
}
Event: 20,996 GC heap before
{Heap before GC invocations=15 (full 2):
 PSYoungGen      total 180224K, used 168960K [0x00000000e0000000, 0x00000000ec480000, 0x0000000100000000)
  eden space 168960K, 100% used [0x00000000e0000000,0x00000000ea500000,0x00000000ea500000)
  from space 11264K, 0% used [0x00000000eb000000,0x00000000eb000000,0x00000000ebb00000)
  to   space 11264K, 0% used [0x00000000ea500000,0x00000000ea500000,0x00000000eb000000)
 ParOldGen       total 53248K, used 16381K [0x00000000a0000000, 0x00000000a3400000, 0x00000000e0000000)
  object space 53248K, 30% used [0x00000000a0000000,0x00000000a0fff400,0x00000000a3400000)
 Metaspace       used 40782K, capacity 41586K, committed 41944K, reserved 1085440K
  class space    used 5308K, capacity 5566K, committed 5632K, reserved 1048576K
Event: 21,029 GC heap after
Heap after GC invocations=15 (full 2):
 PSYoungGen      total 180224K, used 6339K [0x00000000e0000000, 0x00000000eeb80000, 0x0000000100000000)
  eden space 168960K, 0% used [0x00000000e0000000,0x00000000e0000000,0x00000000ea500000)
  from space 11264K, 56% used [0x00000000ea500000,0x00000000eab30f08,0x00000000eb000000)
  to   space 10752K, 0% used [0x00000000ee100000,0x00000000ee100000,0x00000000eeb80000)
 ParOldGen       total 53248K, used 16461K [0x00000000a0000000, 0x00000000a3400000, 0x00000000e0000000)
  object space 53248K, 30% used [0x00000000a0000000,0x00000000a1013410,0x00000000a3400000)
 Metaspace       used 40782K, capacity 41586K, committed 41944K, reserved 1085440K
  class space    used 5308K, capacity 5566K, committed 5632K, reserved 1048576K
}
Event: 34,172 GC heap before
{Heap before GC invocations=16 (full 2):
 PSYoungGen      total 180224K, used 175299K [0x00000000e0000000, 0x00000000eeb80000, 0x0000000100000000)
  eden space 168960K, 100% used [0x00000000e0000000,0x00000000ea500000,0x00000000ea500000)
  from space 11264K, 56% used [0x00000000ea500000,0x00000000eab30f08,0x00000000eb000000)
  to   space 10752K, 0% used [0x00000000ee100000,0x00000000ee100000,0x00000000eeb80000)
 ParOldGen       total 53248K, used 16461K [0x00000000a0000000, 0x00000000a3400000, 0x00000000e0000000)
  object space 53248K, 30% used [0x00000000a0000000,0x00000000a1013410,0x00000000a3400000)
 Metaspace       used 40907K, capacity 41714K, committed 41944K, reserved 1085440K
  class space    used 5312K, capacity 5566K, committed 5632K, reserved 1048576K
Event: 34,247 GC heap after
Heap after GC invocations=16 (full 2):
 PSYoungGen      total 219136K, used 496K [0x00000000e0000000, 0x00000000ee680000, 0x0000000100000000)
  eden space 213504K, 0% used [0x00000000e0000000,0x00000000e0000000,0x00000000ed080000)
  from space 5632K, 8% used [0x00000000ee100000,0x00000000ee17c030,0x00000000ee680000)
  to   space 11264K, 0% used [0x00000000ed080000,0x00000000ed080000,0x00000000edb80000)
 ParOldGen       total 53248K, used 20388K [0x00000000a0000000, 0x00000000a3400000, 0x00000000e0000000)
  object space 53248K, 38% used [0x00000000a0000000,0x00000000a13e90d0,0x00000000a3400000)
 Metaspace       used 40907K, capacity 41714K, committed 41944K, reserved 1085440K
  class space    used 5312K, capacity 5566K, committed 5632K, reserved 1048576K
}
Event: 54,285 GC heap before
{Heap before GC invocations=17 (full 2):
 PSYoungGen      total 219136K, used 214000K [0x00000000e0000000, 0x00000000ee680000, 0x0000000100000000)
  eden space 213504K, 100% used [0x00000000e0000000,0x00000000ed080000,0x00000000ed080000)
  from space 5632K, 8% used [0x00000000ee100000,0x00000000ee17c030,0x00000000ee680000)
  to   space 11264K, 0% used [0x00000000ed080000,0x00000000ed080000,0x00000000edb80000)
 ParOldGen       total 53248K, used 20388K [0x00000000a0000000, 0x00000000a3400000, 0x00000000e0000000)
  object space 53248K, 38% used [0x00000000a0000000,0x00000000a13e90d0,0x00000000a3400000)
 Metaspace       used 40994K, capacity 41778K, committed 42200K, reserved 1085440K
  class space    used 5312K, capacity 5566K, committed 5632K, reserved 1048576K

Deoptimization events (10 events):
Event: 28,874 Thread 0x00007efbe0822800 Uncommon trap: reason=unstable_if action=reinterpret pc=0x00007efc45149eb8 method=java.io.ByteArrayInputStream.read([BII)I @ 70
Event: 28,908 Thread 0x00007efbe0822800 Uncommon trap: reason=class_check action=maybe_recompile pc=0x00007efc4627d048 method=java.util.regex.Pattern$BranchConn.match(Ljava/util/regex/Matcher;ILjava/lang/CharSequence;)Z @ 7
Event: 28,908 Thread 0x00007efbe0822800 Uncommon trap: reason=unstable_if action=reinterpret pc=0x00007efc462ecea0 method=javax.crypto.Cipher.init(ILjava/security/Key;Ljava/security/spec/AlgorithmParameterSpec;Ljava/security/SecureRandom;)V @ 13
Event: 28,910 Thread 0x00007efbe0822800 Uncommon trap: reason=unstable_if action=reinterpret pc=0x00007efc46318ae4 method=java.security.MessageDigest.isEqual([B[B)Z @ 12
Event: 28,957 Thread 0x00007efbe0822800 Uncommon trap: reason=unstable_if action=reinterpret pc=0x00007efc4632cbec method=javax.crypto.Cipher.init(ILjava/security/Key;Ljava/security/spec/AlgorithmParameterSpec;Ljava/security/SecureRandom;)V @ 13
Event: 28,957 Thread 0x00007efbe0822800 Uncommon trap: reason=unstable_if action=reinterpret pc=0x00007efc4622d78c method=java.security.MessageDigest.isEqual([B[B)Z @ 12
Event: 34,273 Thread 0x00007efc54085000 Uncommon trap: reason=unstable_if action=reinterpret pc=0x00007efc457c0f04 method=java.lang.ref.Finalizer.remove()V @ 10
Event: 34,309 Thread 0x00007efc54085000 Uncommon trap: reason=unstable_if action=reinterpret pc=0x00007efc457dff4c method=java.lang.ref.Finalizer.remove()V @ 10
Event: 40,712 Thread 0x00007efbe038c800 Uncommon trap: reason=unstable_if action=reinterpret pc=0x00007efc4631a4dc method=sun.security.ssl.InputRecord.read(Ljava/io/InputStream;Ljava/io/OutputStream;)V @ 72
Event: 46,672 Thread 0x00007efbe038c800 Uncommon trap: reason=unstable_if action=reinterpret pc=0x00007efc45a92cf0 method=java.util.concurrent.locks.ReentrantLock$Sync.nonfairTryAcquire(I)Z @ 34

Classes redefined (0 events):
No events

Internal exceptions (10 events):
Event: 43,292 Thread 0x00007efbe038c800 Exception <a 'java/net/SocketTimeoutException': Read timed out> (0x00000000e5bb4988) thrown at [/usr/local/google/home/ralucas/source/AOSP-openjdk-git/jdk8u/hotspot/src/share/vm/prims/jni.cpp, line 735]
Event: 43,469 Thread 0x00007efbe0821000 Exception <a 'java/net/SocketTimeoutException': Read timed out> (0x00000000e5d722d8) thrown at [/usr/local/google/home/ralucas/source/AOSP-openjdk-git/jdk8u/hotspot/src/share/vm/prims/jni.cpp, line 735]
Event: 44,963 Thread 0x00007efbe038c800 Exception <a 'java/net/SocketTimeoutException': Read timed out> (0x00000000e6879768) thrown at [/usr/local/google/home/ralucas/source/AOSP-openjdk-git/jdk8u/hotspot/src/share/vm/prims/jni.cpp, line 735]
Event: 46,783 Thread 0x00007efbe038c000 Exception <a 'java/net/SocketTimeoutException': Read timed out> (0x00000000e724d528) thrown at [/usr/local/google/home/ralucas/source/AOSP-openjdk-git/jdk8u/hotspot/src/share/vm/prims/jni.cpp, line 735]
Event: 46,783 Thread 0x00007efbe038c800 Exception <a 'java/net/SocketTimeoutException': Read timed out> (0x00000000e81b2108) thrown at [/usr/local/google/home/ralucas/source/AOSP-openjdk-git/jdk8u/hotspot/src/share/vm/prims/jni.cpp, line 735]
Event: 47,238 Thread 0x00007efbe038c800 Exception <a 'java/net/SocketTimeoutException': Read timed out> (0x00000000e81ed928) thrown at [/usr/local/google/home/ralucas/source/AOSP-openjdk-git/jdk8u/hotspot/src/share/vm/prims/jni.cpp, line 735]
Event: 48,047 Thread 0x00007efbe038c000 Exception <a 'java/net/SocketTimeoutException': Read timed out> (0x00000000e86b6a70) thrown at [/usr/local/google/home/ralucas/source/AOSP-openjdk-git/jdk8u/hotspot/src/share/vm/prims/jni.cpp, line 735]
Event: 48,562 Thread 0x00007efbe038c800 Exception <a 'java/net/SocketTimeoutException': Read timed out> (0x00000000e905f618) thrown at [/usr/local/google/home/ralucas/source/AOSP-openjdk-git/jdk8u/hotspot/src/share/vm/prims/jni.cpp, line 735]
Event: 49,681 Thread 0x00007efbe038c000 Exception <a 'java/net/SocketTimeoutException': Read timed out> (0x00000000e9e35fd8) thrown at [/usr/local/google/home/ralucas/source/AOSP-openjdk-git/jdk8u/hotspot/src/share/vm/prims/jni.cpp, line 735]
Event: 49,699 Thread 0x00007efbe0821000 Exception <a 'java/net/SocketTimeoutException': Read timed out> (0x00000000e93b9270) thrown at [/usr/local/google/home/ralucas/source/AOSP-openjdk-git/jdk8u/hotspot/src/share/vm/prims/jni.cpp, line 735]

Events (10 events):
Event: 49,850 Executing VM operation: RevokeBias done
Event: 49,857 Executing VM operation: RevokeBias
Event: 49,857 Executing VM operation: RevokeBias done
Event: 49,857 Executing VM operation: RevokeBias
Event: 49,857 Executing VM operation: RevokeBias done
Event: 49,857 Executing VM operation: RevokeBias
Event: 49,857 Executing VM operation: RevokeBias done
Event: 51,822 Thread 0x00007efbe0821000 DEOPT PACKING pc=0x00007efc45ca8c0e sp=0x00007efc17efc1d0
Event: 51,847 Thread 0x00007efbe0821000 DEOPT UNPACKING pc=0x00007efc450474c4 sp=0x00007efc17efc010 mode 0
Event: 54,161 Executing VM operation: ParallelGCFailedAllocation


Dynamic libraries:
a0000000-a3400000 rw-p 00000000 00:00 0 
a3400000-e0000000 ---p 00000000 00:00 0 
e0000000-ee680000 rw-p 00000000 00:00 0 
f2380000-100000000 ---p 00000000 00:00 0 
100000000-100580000 rw-p 00000000 00:00 0 
100580000-140000000 ---p 00000000 00:00 0 
561c38a42000-561c38a43000 r-xp 00000000 fd:00 5374151                    /opt/android-studio/jre/bin/java
561c38c42000-561c38c43000 r--p 00000000 fd:00 5374151                    /opt/android-studio/jre/bin/java
561c38c43000-561c38c44000 rw-p 00001000 fd:00 5374151                    /opt/android-studio/jre/bin/java
561c3ab33000-561c3ab54000 rw-p 00000000 00:00 0                          [heap]
7efbb8000000-7efbb8021000 rw-p 00000000 00:00 0 
7efbb8021000-7efbbc000000 ---p 00000000 00:00 0 
7efbc0000000-7efbc0021000 rw-p 00000000 00:00 0 
7efbc0021000-7efbc4000000 ---p 00000000 00:00 0 
7efbc4000000-7efbc4021000 rw-p 00000000 00:00 0 
7efbc4021000-7efbc8000000 ---p 00000000 00:00 0 
7efbc8000000-7efbc8021000 rw-p 00000000 00:00 0 
7efbc8021000-7efbcc000000 ---p 00000000 00:00 0 
7efbcc000000-7efbcc282000 rw-p 00000000 00:00 0 
7efbcc282000-7efbd0000000 ---p 00000000 00:00 0 
7efbd0000000-7efbd0021000 rw-p 00000000 00:00 0 
7efbd0021000-7efbd4000000 ---p 00000000 00:00 0 
7efbd4000000-7efbd4021000 rw-p 00000000 00:00 0 
7efbd4021000-7efbd8000000 ---p 00000000 00:00 0 
7efbd8000000-7efbd8021000 rw-p 00000000 00:00 0 
7efbd8021000-7efbdc000000 ---p 00000000 00:00 0 
7efbdc000000-7efbdc024000 rw-p 00000000 00:00 0 
7efbdc024000-7efbe0000000 ---p 00000000 00:00 0 
7efbe0000000-7efbe11ed000 rw-p 00000000 00:00 0 
7efbe11ed000-7efbe4000000 ---p 00000000 00:00 0 
7efbe4000000-7efbe427f000 rw-p 00000000 00:00 0 
7efbe427f000-7efbe8000000 ---p 00000000 00:00 0 
7efbe8000000-7efbe802b000 rw-p 00000000 00:00 0 
7efbe802b000-7efbec000000 ---p 00000000 00:00 0 
7efbec000000-7efbec021000 rw-p 00000000 00:00 0 
7efbec021000-7efbf0000000 ---p 00000000 00:00 0 
7efbf0000000-7efbf0021000 rw-p 00000000 00:00 0 
7efbf0021000-7efbf4000000 ---p 00000000 00:00 0 
7efbf4000000-7efbf4021000 rw-p 00000000 00:00 0 
7efbf4021000-7efbf8000000 ---p 00000000 00:00 0 
7efbf8000000-7efbf8021000 rw-p 00000000 00:00 0 
7efbf8021000-7efbfc000000 ---p 00000000 00:00 0 
7efbfc000000-7efbfc078000 rw-p 00000000 00:00 0 
7efbfc078000-7efc00000000 ---p 00000000 00:00 0 
7efc00000000-7efc00021000 rw-p 00000000 00:00 0 
7efc00021000-7efc04000000 ---p 00000000 00:00 0 
7efc04000000-7efc04021000 rw-p 00000000 00:00 0 
7efc04021000-7efc08000000 ---p 00000000 00:00 0 
7efc08000000-7efc09d8e000 rw-p 00000000 00:00 0 
7efc09d8e000-7efc0c000000 ---p 00000000 00:00 0 
7efc10000000-7efc1084f000 rw-p 00000000 00:00 0 
7efc1084f000-7efc14000000 ---p 00000000 00:00 0 
7efc17afd000-7efc17cbd000 rw-p 00000000 00:00 0 
7efc17cbd000-7efc17cfd000 ---p 00000000 00:00 0 
7efc17cfd000-7efc17d00000 ---p 00000000 00:00 0 
7efc17d00000-7efc17dfe000 rw-p 00000000 00:00 0 
7efc17dfe000-7efc17e01000 ---p 00000000 00:00 0 
7efc17e01000-7efc17eff000 rw-p 00000000 00:00 0 
7efc17eff000-7efc17f02000 ---p 00000000 00:00 0 
7efc17f02000-7efc18000000 rw-p 00000000 00:00 0 
7efc18000000-7efc1a1c2000 rw-p 00000000 00:00 0 
7efc1a1c2000-7efc1c000000 ---p 00000000 00:00 0 
7efc1c089000-7efc1c0b9000 r--p 00000000 fd:00 135693                     /usr/share/locale-langpack/ru/LC_MESSAGES/libc.mo
7efc1c0b9000-7efc1c0bc000 ---p 00000000 00:00 0 
7efc1c0bc000-7efc1c3ba000 rw-p 00000000 00:00 0 
7efc1c3ba000-7efc1c3d1000 r-xp 00000000 fd:00 5116726                    /lib/x86_64-linux-gnu/libresolv-2.27.so
7efc1c3d1000-7efc1c5d1000 ---p 00017000 fd:00 5116726                    /lib/x86_64-linux-gnu/libresolv-2.27.so
7efc1c5d1000-7efc1c5d2000 r--p 00017000 fd:00 5116726                    /lib/x86_64-linux-gnu/libresolv-2.27.so
7efc1c5d2000-7efc1c5d3000 rw-p 00018000 fd:00 5116726                    /lib/x86_64-linux-gnu/libresolv-2.27.so
7efc1c5d3000-7efc1c5d5000 rw-p 00000000 00:00 0 
7efc1c5d5000-7efc1c5da000 r-xp 00000000 fd:00 5116676                    /lib/x86_64-linux-gnu/libnss_dns-2.27.so
7efc1c5da000-7efc1c7da000 ---p 00005000 fd:00 5116676                    /lib/x86_64-linux-gnu/libnss_dns-2.27.so
7efc1c7da000-7efc1c7db000 r--p 00005000 fd:00 5116676                    /lib/x86_64-linux-gnu/libnss_dns-2.27.so
7efc1c7db000-7efc1c7dc000 rw-p 00006000 fd:00 5116676                    /lib/x86_64-linux-gnu/libnss_dns-2.27.so
7efc1c7dc000-7efc1c7de000 r-xp 00000000 fd:00 5116684                    /lib/x86_64-linux-gnu/libnss_mdns4_minimal.so.2
7efc1c7de000-7efc1c9dd000 ---p 00002000 fd:00 5116684                    /lib/x86_64-linux-gnu/libnss_mdns4_minimal.so.2
7efc1c9dd000-7efc1c9de000 r--p 00001000 fd:00 5116684                    /lib/x86_64-linux-gnu/libnss_mdns4_minimal.so.2
7efc1c9de000-7efc1c9df000 rw-p 00002000 fd:00 5116684                    /lib/x86_64-linux-gnu/libnss_mdns4_minimal.so.2
7efc1c9f4000-7efc1c9f9000 r--s 0003b000 fd:00 5374074                    /opt/android-studio/jre/jre/lib/ext/sunjce_provider.jar
7efc1c9f9000-7efc1ca0b000 r--s 00345000 fd:00 5373992                    /opt/android-studio/jre/jre/lib/resources.jar
7efc1ca0b000-7efc1cc0b000 rw-p 00000000 00:00 0 
7efc1cc0b000-7efc1cc43000 r-xp 00000000 fd:00 5374011                    /opt/android-studio/jre/jre/lib/amd64/libsunec.so
7efc1cc43000-7efc1ce42000 ---p 00038000 fd:00 5374011                    /opt/android-studio/jre/jre/lib/amd64/libsunec.so
7efc1ce42000-7efc1ce47000 r--p 00037000 fd:00 5374011                    /opt/android-studio/jre/jre/lib/amd64/libsunec.so
7efc1ce47000-7efc1ce49000 rw-p 0003c000 fd:00 5374011                    /opt/android-studio/jre/jre/lib/amd64/libsunec.so
7efc1ce49000-7efc1ce4b000 r--s 00008000 fd:00 5374072                    /opt/android-studio/jre/jre/lib/ext/sunec.jar
7efc1ce4b000-7efc1ce4e000 r--s 00015000 fd:00 5374067                    /opt/android-studio/jre/jre/lib/jce.jar
7efc1ce4e000-7efc1d044000 rw-p 00000000 00:00 0 
7efc1d044000-7efc1d04e000 ---p 00000000 00:00 0 
7efc1d04e000-7efc1d24e000 rw-p 00000000 00:00 0 
7efc1d24e000-7efc1d253000 r--s 00034000 fd:00 4726458                    /home/sergey/.gradle/caches/jars-3/fe5b5ed05a9997817f29c5d560c66d65/gson-2.8.2.jar
7efc1d253000-7efc1d258000 r--s 0006e000 fd:00 4726456                    /home/sergey/.gradle/caches/jars-3/359765d3a8c0757f678f60b291db2651/gradle-tooling-extension-impl.jar
7efc1d258000-7efc1d2c8000 r--s 00646000 fd:00 4726454                    /home/sergey/.gradle/caches/jars-3/ef4cce337f8480ffa8bb084789868305/groovy-all-2.4.12.jar
7efc1d2c8000-7efc1d4c8000 rw-p 00000000 00:00 0 
7efc1d4c8000-7efc1d4cb000 ---p 00000000 00:00 0 
7efc1d4cb000-7efc1d7c9000 rw-p 00000000 00:00 0 
7efc1d7c9000-7efc1d9c9000 rw-p 00000000 00:00 0 
7efc1d9c9000-7efc1dbc9000 rw-p 00000000 00:00 0 
7efc1dbc9000-7efc1ddc9000 rw-p 00000000 00:00 0 
7efc1ddc9000-7efc1ddca000 r--s 00003000 fd:00 4596077                    /home/sergey/.gradle/caches/jars-3/f9e04f7e21ea7b5ac9b7a20696f1283d/sam-with-receiver-ide-plugin.jar
7efc1ddca000-7efc1ddcc000 r--s 00003000 fd:00 4596075                    /home/sergey/.gradle/caches/jars-3/4e13ba14350bec418f43c1339bced755/noarg-ide-plugin.jar
7efc1ddcc000-7efc1dddc000 r--s 000d7000 fd:00 4596073                    /home/sergey/.gradle/caches/jars-3/a50e73d95e79354e91d2457fdf6c30f0/kotlin-runtime.jar
7efc1dddc000-7efc1ddec000 r--s 000db000 fd:00 4596071                    /home/sergey/.gradle/caches/jars-3/4b42692cfa9ad54191fe4e46a7af4f55/kotlin-stdlib.jar
7efc1ddec000-7efc1e014000 r--s 01cc9000 fd:00 4596069                    /home/sergey/.gradle/caches/jars-3/fef3a1cfb303f707aa4af0e484a4ff65/kotlin-plugin.jar
7efc1e014000-7efc1e015000 r--s 00003000 fd:00 4596067                    /home/sergey/.gradle/caches/jars-3/28d96654aac5a3cc3627f3d42bb239a3/allopen-ide-plugin.jar
7efc1e015000-7efc1e017000 r--s 00004000 fd:00 4596065                    /home/sergey/.gradle/caches/jars-3/8d32333b51c12580327682fc50f54480/kapt3-idea.jar
7efc1e017000-7efc1e01b000 r--s 00020000 fd:00 4596063                    /home/sergey/.gradle/caches/jars-3/21b643641a3c61a6ec1742b3e55a77b7/android-extensions-ide.jar
7efc1e01b000-7efc1e01c000 r--s 00000000 fd:00 4596061                    /home/sergey/.gradle/caches/jars-3/141cfe160e971e5498fbbbcd4fe2fb29/gradle-appengine-builder-model-0.1.0.jar
7efc1e01c000-7efc1e040000 r--s 00624000 fd:00 4596059                    /home/sergey/.gradle/caches/jars-3/fa43a1ceb5e9e03a84a5092e6ebfd151/sdk-tools.jar
7efc1e040000-7efc1e042000 r--s 0000b000 fd:00 4596057                    /home/sergey/.gradle/caches/jars-3/3ab4e9db8156233bb4fa76f1103e6c82/kotlin-gradle-tooling.jar
7efc1e042000-7efc1e043000 r--s 00002000 fd:00 4596055                    /home/sergey/.gradle/caches/jars-3/126c4a6f26553c1a5ae89be4b2a2fb65/external-system-rt.jar
7efc1e043000-7efc1e046000 r--s 0000d000 fd:00 4596053                    /home/sergey/.gradle/caches/jars-3/af1a5bcbec99240fe5b53c44c44d0632/gradle-tooling-extension-api.jar
7efc1e046000-7efc1e294000 r--s 017dd000 fd:00 4596051                    /home/sergey/.gradle/caches/jars-3/b34b8bb6133697c9d422ea5fae479315/gradle-api-impldep-4.4.jar
7efc1e294000-7efc1e3bb000 r--s 009f7000 fd:00 4596049                    /home/sergey/.gradle/caches/jars-3/54ee404ddd6e27b77a64a351535042f0/gradle-api-4.4.jar
7efc1e3bb000-7efc1e5bb000 rw-p 00000000 00:00 0 
7efc1e5bb000-7efc1e634000 r--s 010fd000 fd:00 5374111                    /opt/android-studio/jre/lib/tools.jar
7efc1e634000-7efc1e637000 ---p 00000000 00:00 0 
7efc1e637000-7efc1e935000 rw-p 00000000 00:00 0 
7efc1e935000-7efc1e938000 ---p 00000000 00:00 0 
7efc1e938000-7efc1ea36000 rw-p 00000000 00:00 0 
7efc1ea36000-7efc1ea39000 ---p 00000000 00:00 0 
7efc1ea39000-7efc1eb37000 rw-p 00000000 00:00 0 
7efc1eb37000-7efc1eb3a000 ---p 00000000 00:00 0 
7efc1eb3a000-7efc1ec38000 rw-p 00000000 00:00 0 
7efc1ec38000-7efc1ec3b000 ---p 00000000 00:00 0 
7efc1ec3b000-7efc1ef39000 rw-p 00000000 00:00 0 
7efc1ef39000-7efc1ef3c000 ---p 00000000 00:00 0 
7efc1ef3c000-7efc1f03a000 rw-p 00000000 00:00 0 
7efc1f03a000-7efc1f03d000 ---p 00000000 00:00 0 
7efc1f03d000-7efc1f13b000 rw-p 00000000 00:00 0 
7efc1f13b000-7efc1f13e000 ---p 00000000 00:00 0 
7efc1f13e000-7efc1f23c000 rw-p 00000000 00:00 0 
7efc1f23c000-7efc1f23f000 ---p 00000000 00:00 0 
7efc1f23f000-7efc1f33d000 rw-p 00000000 00:00 0 
7efc1f33d000-7efc1f340000 ---p 00000000 00:00 0 
7efc1f340000-7efc1f43e000 rw-p 00000000 00:00 0 
7efc1f43e000-7efc1f445000 r--s 00000000 fd:00 6428717                    /usr/lib/x86_64-linux-gnu/gconv/gconv-modules.cache
7efc1f445000-7efc1f448000 ---p 00000000 00:00 0 
7efc1f448000-7efc1f546000 rw-p 00000000 00:00 0 
7efc1f546000-7efc1f54b000 r--s 0009a000 fd:00 5374066                    /opt/android-studio/jre/jre/lib/jsse.jar
7efc1f54b000-7efc1f74b000 rw-p 00000000 00:00 0 
7efc1f74b000-7efc1f754000 r-xp 00000000 fd:00 5374013                    /opt/android-studio/jre/jre/lib/amd64/libmanagement.so
7efc1f754000-7efc1f953000 ---p 00009000 fd:00 5374013                    /opt/android-studio/jre/jre/lib/amd64/libmanagement.so
7efc1f953000-7efc1f954000 r--p 00008000 fd:00 5374013                    /opt/android-studio/jre/jre/lib/amd64/libmanagement.so
7efc1f954000-7efc1f955000 rw-p 00009000 fd:00 5374013                    /opt/android-studio/jre/jre/lib/amd64/libmanagement.so
7efc1f955000-7efc1f957000 r--s 00007000 fd:00 4594740                    /home/sergey/.gradle/wrapper/dists/gradle-4.6-all/bcst21l2brirad8k2ben1letg/gradle-4.6/lib/plugins/gradle-tooling-api-builders-4.6.jar
7efc1f957000-7efc1f95c000 r--s 00017000 fd:00 4594725                    /home/sergey/.gradle/wrapper/dists/gradle-4.6-all/bcst21l2brirad8k2ben1letg/gradle-4.6/lib/plugins/gradle-testing-native-4.6.jar
7efc1f95c000-7efc1f95e000 r--s 0000d000 fd:00 4594834                    /home/sergey/.gradle/wrapper/dists/gradle-4.6-all/bcst21l2brirad8k2ben1letg/gradle-4.6/lib/plugins/jcommander-1.47.jar
7efc1f95e000-7efc1f967000 r--s 00089000 fd:00 4594796                    /home/sergey/.gradle/wrapper/dists/gradle-4.6-all/bcst21l2brirad8k2ben1letg/gradle-4.6/lib/plugins/testng-6.3.1.jar
7efc1f967000-7efc1f96c000 r--s 0005a000 fd:00 4594800                    /home/sergey/.gradle/wrapper/dists/gradle-4.6-all/bcst21l2brirad8k2ben1letg/gradle-4.6/lib/plugins/bsh-2.0b6.jar
7efc1f96c000-7efc1f970000 r--s 0001b000 fd:00 4594747                    /home/sergey/.gradle/wrapper/dists/gradle-4.6-all/bcst21l2brirad8k2ben1letg/gradle-4.6/lib/plugins/gradle-testing-jvm-4.6.jar
7efc1f970000-7efc1f972000 r--s 0000e000 fd:00 4594831                    /home/sergey/.gradle/wrapper/dists/gradle-4.6-all/bcst21l2brirad8k2ben1letg/gradle-4.6/lib/plugins/junit-platform-commons-1.0.3.jar
7efc1f972000-7efc1f973000 r--s 00001000 fd:00 4594837                    /home/sergey/.gradle/wrapper/dists/gradle-4.6-all/bcst21l2brirad8k2ben1letg/gradle-4.6/lib/plugins/opentest4j-1.0.0.jar
7efc1f973000-7efc1f976000 r--s 00013000 fd:00 4594830                    /home/sergey/.gradle/wrapper/dists/gradle-4.6-all/bcst21l2brirad8k2ben1letg/gradle-4.6/lib/plugins/junit-platform-engine-1.0.3.jar
7efc1f976000-7efc1f977000 r--s 00000000 fd:00 4594832                    /home/sergey/.gradle/wrapper/dists/gradle-4.6-all/bcst21l2brirad8k2ben1letg/gradle-4.6/lib/plugins/apiguardian-api-1.0.0.jar
7efc1f977000-7efc1f979000 r--s 0000c000 fd:00 4594801                    /home/sergey/.gradle/wrapper/dists/gradle-4.6-all/bcst21l2brirad8k2ben1letg/gradle-4.6/lib/plugins/junit-platform-launcher-1.0.3.jar
7efc1f979000-7efc1f97a000 r--s 00003000 fd:00 4594746                    /home/sergey/.gradle/wrapper/dists/gradle-4.6-all/bcst21l2brirad8k2ben1letg/gradle-4.6/lib/plugins/gradle-testing-junit-platform-4.6.jar
7efc1f97a000-7efc1f982000 r--s 00031000 fd:00 4594753                    /home/sergey/.gradle/wrapper/dists/gradle-4.6-all/bcst21l2brirad8k2ben1letg/gradle-4.6/lib/plugins/gradle-testing-base-4.6.jar
7efc1f982000-7efc1f989000 r--s 00043000 fd:00 4594791                    /home/sergey/.gradle/wrapper/dists/gradle-4.6-all/bcst21l2brirad8k2ben1letg/gradle-4.6/lib/plugins/bcpg-jdk15on-1.58.jar
7efc1f989000-7efc1f98b000 r--s 0000e000 fd:00 4594723                    /home/sergey/.gradle/wrapper/dists/gradle-4.6-all/bcst21l2brirad8k2ben1letg/gradle-4.6/lib/plugins/gradle-signing-4.6.jar
7efc1f98b000-7efc1f98d000 r--s 00007000 fd:00 4594731                    /home/sergey/.gradle/wrapper/dists/gradle-4.6-all/bcst21l2brirad8k2ben1letg/gradle-4.6/lib/plugins/gradle-scala-4.6.jar
7efc1f98d000-7efc1f98e000 r--s 00004000 fd:00 4594763                    /home/sergey/.gradle/wrapper/dists/gradle-4.6-all/bcst21l2brirad8k2ben1letg/gradle-4.6/lib/plugins/gradle-resources-sftp-4.6.jar
7efc1f98e000-7efc1f997000 r--s 0005a000 fd:00 4594774                    /home/sergey/.gradle/wrapper/dists/gradle-4.6-all/bcst21l2brirad8k2ben1letg/gradle-4.6/lib/plugins/aws-java-sdk-kms-1.11.267.jar
7efc1f997000-7efc1f999000 r--s 00005000 fd:00 4594807                    /home/sergey/.gradle/wrapper/dists/gradle-4.6-all/bcst21l2brirad8k2ben1letg/gradle-4.6/lib/plugins/jmespath-java-1.11.267.jar
7efc1f999000-7efc1f9ab000 r--s 000bb000 fd:00 4594773                    /home/sergey/.gradle/wrapper/dists/gradle-4.6-all/bcst21l2brirad8k2ben1letg/gradle-4.6/lib/plugins/aws-java-sdk-s3-1.11.267.jar
7efc1f9ab000-7efc1f9b5000 r--s 00081000 fd:00 4594828                    /home/sergey/.gradle/wrapper/dists/gradle-4.6-all/bcst21l2brirad8k2ben1letg/gradle-4.6/lib/plugins/ion-java-1.0.2.jar
7efc1f9b5000-7efc1f9ca000 r--s 000bd000 fd:00 4594775                    /home/sergey/.gradle/wrapper/dists/gradle-4.6-all/bcst21l2brirad8k2ben1letg/gradle-4.6/lib/plugins/aws-java-sdk-core-1.11.267.jar
7efc1f9ca000-7efc1f9cc000 r--s 00004000 fd:00 4594758                    /home/sergey/.gradle/wrapper/dists/gradle-4.6-all/bcst21l2brirad8k2ben1letg/gradle-4.6/lib/plugins/gradle-resources-s3-4.6.jar
7efc1f9cc000-7efc1f9dc000 r--s 00088000 fd:00 4594811                    /home/sergey/.gradle/wrapper/dists/gradle-4.6-all/bcst21l2brirad8k2ben1letg/gradle-4.6/lib/plugins/joda-time-2.8.2.jar
7efc1f9dc000-7efc1f9ee000 r--s 0011f000 fd:00 4594808                    /home/sergey/.gradle/wrapper/dists/gradle-4.6-all/bcst21l2brirad8k2ben1letg/gradle-4.6/lib/plugins/jackson-databind-2.8.11.jar
7efc1f9ee000-7efc1f9f1000 r--s 0000b000 fd:00 4594810                    /home/sergey/.gradle/wrapper/dists/gradle-4.6-all/bcst21l2brirad8k2ben1letg/gradle-4.6/lib/plugins/jackson-annotations-2.8.11.jar
7efc1f9f1000-7efc1f9f5000 r--s 00042000 fd:00 4594809                    /home/sergey/.gradle/wrapper/dists/gradle-4.6-all/bcst21l2brirad8k2ben1letg/gradle-4.6/lib/plugins/jackson-core-2.8.11.jar
7efc1f9f5000-7efc1f9f6000 r--s 00001000 fd:00 4594779                    /home/sergey/.gradle/wrapper/dists/gradle-4.6-all/bcst21l2brirad8k2ben1letg/gradle-4.6/lib/plugins/google-http-client-jackson2-1.23.0.jar
7efc1f9f6000-7efc1f9ff000 r--s 0004f000 fd:00 4594780                    /home/sergey/.gradle/wrapper/dists/gradle-4.6-all/bcst21l2brirad8k2ben1letg/gradle-4.6/lib/plugins/google-http-client-1.23.0.jar
7efc1f9ff000-7efc1fa02000 r--s 0000d000 fd:00 4594778                    /home/sergey/.gradle/wrapper/dists/gradle-4.6-all/bcst21l2brirad8k2ben1letg/gradle-4.6/lib/plugins/google-oauth-client-1.23.0.jar
7efc1fa02000-7efc1fa07000 r--s 0002c000 fd:00 4594777                    /home/sergey/.gradle/wrapper/dists/gradle-4.6-all/bcst21l2brirad8k2ben1letg/gradle-4.6/lib/plugins/google-api-client-1.23.0.jar
7efc1fa07000-7efc1fa0b000 r--s 0001c000 fd:00 4594776                    /home/sergey/.gradle/wrapper/dists/gradle-4.6-all/bcst21l2brirad8k2ben1letg/gradle-4.6/lib/plugins/google-api-services-storage-v1-rev116-1.23.0.jar
7efc1fa0b000-7efc1fa0d000 r--s 00003000 fd:00 4594759                    /home/sergey/.gradle/wrapper/dists/gradle-4.6-all/bcst21l2brirad8k2ben1letg/gradle-4.6/lib/plugins/gradle-resources-gcs-4.6.jar
7efc1fa0d000-7efc1fa0f000 r--s 00010000 fd:00 4594754                    /home/sergey/.gradle/wrapper/dists/gradle-4.6-all/bcst21l2brirad8k2ben1letg/gradle-4.6/lib/plugins/gradle-reporting-4.6.jar
7efc1fa0f000-7efc1fa11000 r--s 00005000 fd:00 4594755                    /home/sergey/.gradle/wrapper/dists/gradle-4.6-all/bcst21l2brirad8k2ben1letg/gradle-4.6/lib/plugins/gradle-publish-4.6.jar
7efc1fa11000-7efc1fa13000 r--s 00009000 fd:00 4594782                    /home/sergey/.gradle/wrapper/dists/gradle-4.6-all/bcst21l2brirad8k2ben1letg/gradle-4.6/lib/plugins/commons-cli-1.2.jar
7efc1fa13000-7efc1fa1a000 r--s 00038000 fd:00 4594739                    /home/sergey/.gradle/wrapper/dists/gradle-4.6-all/bcst21l2brirad8k2ben1letg/gradle-4.6/lib/plugins/gradle-plugins-4.6.jar
7efc1fa1a000-7efc1fa1c000 r--s 00009000 fd:00 4594727                    /home/sergey/.gradle/wrapper/dists/gradle-4.6-all/bcst21l2brirad8k2ben1letg/gradle-4.6/lib/plugins/gradle-plugin-development-4.6.jar
7efc1fa1c000-7efc1fa23000 r--s 0002f000 fd:00 4594734                    /home/sergey/.gradle/wrapper/dists/gradle-4.6-all/bcst21l2brirad8k2ben1letg/gradle-4.6/lib/plugins/gradle-platform-play-4.6.jar
7efc1fa23000-7efc1fa34000 r--s 00073000 fd:00 4594751                    /home/sergey/.gradle/wrapper/dists/gradle-4.6-all/bcst21l2brirad8k2ben1letg/gradle-4.6/lib/plugins/gradle-platform-native-4.6.jar
7efc1fa34000-7efc1fa5f000 r--s 00247000 fd:00 4594783                    /home/sergey/.gradle/wrapper/dists/gradle-4.6-all/bcst21l2brirad8k2ben1letg/gradle-4.6/lib/plugins/biz.aQute.bndlib-3.4.0.jar
7efc1fa5f000-7efc1fa76000 r-xp 00000000 fd:00 5116543                    /lib/x86_64-linux-gnu/libgcc_s.so.1
7efc1fa76000-7efc1fc75000 ---p 00017000 fd:00 5116543                    /lib/x86_64-linux-gnu/libgcc_s.so.1
7efc1fc75000-7efc1fc76000 r--p 00016000 fd:00 5116543                    /lib/x86_64-linux-gnu/libgcc_s.so.1
7efc1fc76000-7efc1fc77000 rw-p 00017000 fd:00 5116543                    /lib/x86_64-linux-gnu/libgcc_s.so.1
7efc1fc77000-7efc1fdf0000 r-xp 00000000 fd:00 6291807                    /usr/lib/x86_64-linux-gnu/libstdc++.so.6.0.25
7efc1fdf0000-7efc1fff0000 ---p 00179000 fd:00 6291807                    /usr/lib/x86_64-linux-gnu/libstdc++.so.6.0.25
7efc1fff0000-7efc1fffa000 r--p 00179000 fd:00 6291807                    /usr/lib/x86_64-linux-gnu/libstdc++.so.6.0.25
7efc1fffa000-7efc1fffc000 rw-p 00183000 fd:00 6291807                    /usr/lib/x86_64-linux-gnu/libstdc++.so.6.0.25
7efc1fffc000-7efc20000000 rw-p 00000000 00:00 0 
7efc20000000-7efc20021000 rw-p 00000000 00:00 0 
7efc20021000-7efc24000000 ---p 00000000 00:00 0 
7efc24000000-7efc24021000 rw-p 00000000 00:00 0 
7efc24021000-7efc28000000 ---p 00000000 00:00 0 
7efc28000000-7efc2802c000 rw-p 00000000 00:00 0 
7efc2802c000-7efc2c000000 ---p 00000000 00:00 0 
7efc2c000000-7efc2c282000 rw-p 00000000 00:00 0 
7efc2c282000-7efc30000000 ---p 00000000 00:00 0 
7efc30000000-7efc30040000 rw-p 00000000 00:00 0 
7efc30040000-7efc34000000 ---p 00000000 00:00 0 
7efc34000000-7efc34006000 r--s 00033000 fd:00 4594797                    /home/sergey/.gradle/wrapper/dists/gradle-4.6-all/bcst21l2brirad8k2ben1letg/gradle-4.6/lib/plugins/snakeyaml-1.6.jar
7efc34006000-7efc3400a000 r--s 0001b000 fd:00 4594750                    /home/sergey/.gradle/wrapper/dists/gradle-4.6-all/bcst21l2brirad8k2ben1letg/gradle-4.6/lib/plugins/gradle-platform-jvm-4.6.jar
7efc3400a000-7efc34011000 r--s 00028000 fd:00 4594756                    /home/sergey/.gradle/wrapper/dists/gradle-4.6-all/bcst21l2brirad8k2ben1letg/gradle-4.6/lib/plugins/gradle-platform-base-4.6.jar
7efc34011000-7efc34012000 r--s 00004000 fd:00 4594722                    /home/sergey/.gradle/wrapper/dists/gradle-4.6-all/bcst21l2brirad8k2ben1letg/gradle-4.6/lib/plugins/gradle-osgi-4.6.jar
7efc34012000-7efc34015000 r--s 0000c000 fd:00 4594787                    /home/sergey/.gradle/wrapper/dists/gradle-4.6-all/bcst21l2brirad8k2ben1letg/gradle-4.6/lib/plugins/pmaven-groovy-0.8-20100325.jar
7efc34015000-7efc34016000 r--s 00004000 fd:00 4594786                    /home/sergey/.gradle/wrapper/dists/gradle-4.6-all/bcst21l2brirad8k2ben1letg/gradle-4.6/lib/plugins/pmaven-common-0.8-20100325.jar
7efc34016000-7efc34017000 r--s 00007000 fd:00 4594768                    /home/sergey/.gradle/wrapper/dists/gradle-4.6-all/bcst21l2brirad8k2ben1letg/gradle-4.6/lib/plugins/wagon-http-shared4-2.4.jar
7efc34017000-7efc34018000 r--s 00002000 fd:00 4594767                    /home/sergey/.gradle/wrapper/dists/gradle-4.6-all/bcst21l2brirad8k2ben1letg/gradle-4.6/lib/plugins/wagon-http-2.4.jar
7efc34018000-7efc34019000 r--s 00002000 fd:00 4594788                    /home/sergey/.gradle/wrapper/dists/gradle-4.6-all/bcst21l2brirad8k2ben1letg/gradle-4.6/lib/plugins/wagon-file-2.4.jar
7efc34019000-7efc3401b000 r--s 00006000 fd:00 4594789                    /home/sergey/.gradle/wrapper/dists/gradle-4.6-all/bcst21l2brirad8k2ben1letg/gradle-4.6/lib/plugins/aether-connector-wagon-1.13.1.jar
7efc3401b000-7efc34020000 r--s 00026000 fd:00 4594728                    /home/sergey/.gradle/wrapper/dists/gradle-4.6-all/bcst21l2brirad8k2ben1letg/gradle-4.6/lib/plugins/gradle-maven-4.6.jar
7efc34020000-7efc34023000 r--s 0000b000 fd:00 4594745                    /home/sergey/.gradle/wrapper/dists/gradle-4.6-all/bcst21l2brirad8k2ben1letg/gradle-4.6/lib/plugins/gradle-language-scala-4.6.jar
7efc34023000-7efc3402f000 r--s 00055000 fd:00 4594726                    /home/sergey/.gradle/wrapper/dists/gradle-4.6-all/bcst21l2brirad8k2ben1letg/gradle-4.6/lib/plugins/gradle-language-native-4.6.jar
7efc3402f000-7efc34031000 r--s 00005000 fd:00 4594749                    /home/sergey/.gradle/wrapper/dists/gradle-4.6-all/bcst21l2brirad8k2ben1letg/gradle-4.6/lib/plugins/gradle-language-jvm-4.6.jar
7efc34031000-7efc34038000 r--s 00036000 fd:00 4594748                    /home/sergey/.gradle/wrapper/dists/gradle-4.6-all/bcst21l2brirad8k2ben1letg/gradle-4.6/lib/plugins/gradle-language-java-4.6.jar
7efc34038000-7efc3403a000 r--s 0000b000 fd:00 4594744                    /home/sergey/.gradle/wrapper/dists/gradle-4.6-all/bcst21l2brirad8k2ben1letg/gradle-4.6/lib/plugins/gradle-language-groovy-4.6.jar
7efc3403a000-7efc34041000 r--s 00035000 fd:00 4594794                    /home/sergey/.gradle/wrapper/dists/gradle-4.6-all/bcst21l2brirad8k2ben1letg/gradle-4.6/lib/plugins/simple-4.1.21.jar
7efc34041000-7efc3404d000 r--s 00100000 fd:00 4594792                    /home/sergey/.gradle/wrapper/dists/gradle-4.6-all/bcst21l2brirad8k2ben1letg/gradle-4.6/lib/plugins/rhino-1.7R3.jar
7efc3404d000-7efc34051000 r--s 00012000 fd:00 4594735                    /home/sergey/.gradle/wrapper/dists/gradle-4.6-all/bcst21l2brirad8k2ben1letg/gradle-4.6/lib/plugins/gradle-javascript-4.6.jar
7efc34051000-7efc34054000 r--s 00010000 fd:00 4594737                    /home/sergey/.gradle/wrapper/dists/gradle-4.6-all/bcst21l2brirad8k2ben1letg/gradle-4.6/lib/plugins/gradle-jacoco-4.6.jar
7efc34054000-7efc34057000 r--s 0000f000 fd:00 4594736                    /home/sergey/.gradle/wrapper/dists/gradle-4.6-all/bcst21l2brirad8k2ben1letg/gradle-4.6/lib/plugins/gradle-ivy-4.6.jar
7efc34057000-7efc34058000 r--s 00002000 fd:00 4594729                    /home/sergey/.gradle/wrapper/dists/gradle-4.6-all/bcst21l2brirad8k2ben1letg/gradle-4.6/lib/plugins/gradle-ide-play-4.6.jar
7efc34058000-7efc34059000 r--s 00011000 fd:00 4594798                    /home/sergey/.gradle/wrapper/dists/gradle-4.6-all/bcst21l2brirad8k2ben1letg/gradle-4.6/lib/plugins/dd-plist-1.20.jar
7efc34059000-7efc3405f000 r--s 0002c000 fd:00 4594724                    /home/sergey/.gradle/wrapper/dists/gradle-4.6-all/bcst21l2brirad8k2ben1letg/gradle-4.6/lib/plugins/gradle-ide-native-4.6.jar
7efc3405f000-7efc34069000 r--s 00056000 fd:00 4594730                    /home/sergey/.gradle/wrapper/dists/gradle-4.6-all/bcst21l2brirad8k2ben1letg/gradle-4.6/lib/plugins/gradle-ide-4.6.jar
7efc34069000-7efc3406b000 r--s 00007000 fd:00 4594733                    /home/sergey/.gradle/wrapper/dists/gradle-4.6-all/bcst21l2brirad8k2ben1letg/gradle-4.6/lib/plugins/gradle-ear-4.6.jar
7efc3406b000-7efc3406d000 r--s 00005000 fd:00 4594769                    /home/sergey/.gradle/wrapper/dists/gradle-4.6-all/bcst21l2brirad8k2ben1letg/gradle-4.6/lib/plugins/jatl-0.2.2.jar
7efc3406d000-7efc34073000 r--s 0003a000 fd:00 4594752                    /home/sergey/.gradle/wrapper/dists/gradle-4.6-all/bcst21l2brirad8k2ben1letg/gradle-4.6/lib/plugins/gradle-diagnostics-4.6.jar
7efc34073000-7efc34075000 r--s 0000c000 fd:00 4594742                    /home/sergey/.gradle/wrapper/dists/gradle-4.6-all/bcst21l2brirad8k2ben1letg/gradle-4.6/lib/plugins/gradle-composite-builds-4.6.jar
7efc34075000-7efc3407a000 r--s 00026000 fd:00 4594720                    /home/sergey/.gradle/wrapper/dists/gradle-4.6-all/bcst21l2brirad8k2ben1letg/gradle-4.6/lib/plugins/gradle-code-quality-4.6.jar
7efc3407a000-7efc3407c000 r--s 0000b000 fd:00 4594795                    /home/sergey/.gradle/wrapper/dists/gradle-4.6-all/bcst21l2brirad8k2ben1letg/gradle-4.6/lib/plugins/maven-plugin-api-3.0.4.jar
7efc3407c000-7efc3407e000 r--s 0000b000 fd:00 4594818                    /home/sergey/.gradle/wrapper/dists/gradle-4.6-all/bcst21l2brirad8k2ben1letg/gradle-4.6/lib/plugins/wagon-provider-api-2.4.jar
7efc3407e000-7efc34084000 r--s 0003f000 fd:00 4594784                    /home/sergey/.gradle/wrapper/dists/gradle-4.6-all/bcst21l2brirad8k2ben1letg/gradle-4.6/lib/plugins/maven-compat-3.0.4.jar
7efc34084000-7efc34088000 r--s 0001d000 fd:00 4594772                    /home/sergey/.gradle/wrapper/dists/gradle-4.6-all/bcst21l2brirad8k2ben1letg/gradle-4.6/lib/plugins/xbean-reflect-3.4.jar
7efc34088000-7efc3408a000 r--s 00009000 fd:00 4594829                    /home/sergey/.gradle/wrapper/dists/gradle-4.6-all/bcst21l2brirad8k2ben1letg/gradle-4.6/lib/plugins/hamcrest-core-1.3.jar
7efc3408a000-7efc34092000 r--s 00045000 fd:00 4594799                    /home/sergey/.gradle/wrapper/dists/gradle-4.6-all/bcst21l2brirad8k2ben1letg/gradle-4.6/lib/plugins/junit-4.12.jar
7efc34092000-7efc34094000 r--s 0000a000 fd:00 4594819                    /home/sergey/.gradle/wrapper/dists/gradle-4.6-all/bcst21l2brirad8k2ben1letg/gradle-4.6/lib/plugins/plexus-classworlds-2.4.jar
7efc34094000-7efc3409b000 r--s 0002e000 fd:00 4594771                    /home/sergey/.gradle/wrapper/dists/gradle-4.6-all/bcst21l2brirad8k2ben1letg/gradle-4.6/lib/plugins/plexus-container-default-1.5.5.jar
7efc3409b000-7efc340a0000 r--s 00027000 fd:00 4594738                    /home/sergey/.gradle/wrapper/dists/gradle-4.6-all/bcst21l2brirad8k2ben1letg/gradle-4.6/lib/plugins/gradle-build-init-4.6.jar
7efc340a0000-7efc340a7000 r--s 0002c000 fd:00 4594732                    /home/sergey/.gradle/wrapper/dists/gradle-4.6-all/bcst21l2brirad8k2ben1letg/gradle-4.6/lib/plugins/gradle-build-comparison-4.6.jar
7efc340a7000-7efc340a8000 r--s 00002000 fd:00 4594760                    /home/sergey/.gradle/wrapper/dists/gradle-4.6-all/bcst21l2brirad8k2ben1letg/gradle-4.6/lib/plugins/gradle-build-cache-http-4.6.jar
7efc340a8000-7efc340aa000 r--s 00008000 fd:00 4594721                    /home/sergey/.gradle/wrapper/dists/gradle-4.6-all/bcst21l2brirad8k2ben1letg/gradle-4.6/lib/plugins/gradle-antlr-4.6.jar
7efc340aa000-7efc340ac000 r--s 00004000 fd:00 4594743                    /home/sergey/.gradle/wrapper/dists/gradle-4.6-all/bcst21l2brirad8k2ben1letg/gradle-4.6/lib/plugins/gradle-announce-4.6.jar
7efc340ac000-7efc340ae000 r--s 0000a000 fd:00 4594648                    /home/sergey/.gradle/wrapper/dists/gradle-4.6-all/bcst21l2brirad8k2ben1letg/gradle-4.6/lib/gradle-kotlin-dsl-tooling-builders-0.15.6.jar
7efc340ae000-7efc340b0000 r--s 0000c000 fd:00 4594757                    /home/sergey/.gradle/wrapper/dists/gradle-4.6-all/bcst21l2brirad8k2ben1letg/gradle-4.6/lib/plugins/gradle-plugin-use-4.6.jar
7efc340b0000-7efc340b1000 r--s 00000000 fd:00 4594658                    /home/sergey/.gradle/wrapper/dists/gradle-4.6-all/bcst21l2brirad8k2ben1letg/gradle-4.6/lib/gradle-runtime-api-info-4.6.jar
7efc340b1000-7efc340ca000 r--s 00135000 fd:00 4594804                    /home/sergey/.gradle/wrapper/dists/gradle-4.6-all/bcst21l2brirad8k2ben1letg/gradle-4.6/lib/plugins/xercesImpl-2.11.0.jar
7efc340ca000-7efc340cd000 r--s 0001c000 fd:00 4594803                    /home/sergey/.gradle/wrapper/dists/gradle-4.6-all/bcst21l2brirad8k2ben1letg/gradle-4.6/lib/plugins/nekohtml-1.9.20.jar
7efc340cd000-7efc340d3000 r--s 0005b000 fd:00 4594802                    /home/sergey/.gradle/wrapper/dists/gradle-4.6-all/bcst21l2brirad8k2ben1letg/gradle-4.6/lib/plugins/jcifs-1.3.17.jar
7efc340d3000-7efc340d6000 r--s 0000c000 fd:00 4594762                    /home/sergey/.gradle/wrapper/dists/gradle-4.6-all/bcst21l2brirad8k2ben1letg/gradle-4.6/lib/plugins/gradle-resources-http-4.6.jar
7efc340d6000-7efc340db000 r--s 00040000 fd:00 4594806                    /home/sergey/.gradle/wrapper/dists/gradle-4.6-all/bcst21l2brirad8k2ben1letg/gradle-4.6/lib/plugins/jsch-0.1.54.jar
7efc340db000-7efc340fe000 r--s 00223000 fd:00 4594770                    /home/sergey/.gradle/wrapper/dists/gradle-4.6-all/bcst21l2brirad8k2ben1letg/gradle-4.6/lib/plugins/org.eclipse.jgit-4.5.3.201708160445-r.jar
7efc340fe000-7efc34105000 r--s 00049000 fd:00 4594833                    /home/sergey/.gradle/wrapper/dists/gradle-4.6-all/bcst21l2brirad8k2ben1letg/gradle-4.6/lib/plugins/httpcore-4.4.9.jar
7efc34105000-7efc3410c000 r--s 0003f000 fd:00 4594790                    /home/sergey/.gradle/wrapper/dists/gradle-4.6-all/bcst21l2brirad8k2ben1letg/gradle-4.6/lib/plugins/commons-codec-1.10.jar
7efc3410c000-7efc3411a000 r--s 000ae000 fd:00 4594781                    /home/sergey/.gradle/wrapper/dists/gradle-4.6-all/bcst21l2brirad8k2ben1letg/gradle-4.6/lib/plugins/httpclient-4.5.5.jar
7efc3411a000-7efc3411c000 r--s 00007000 fd:00 4594765                    /home/sergey/.gradle/wrapper/dists/gradle-4.6-all/bcst21l2brirad8k2ben1letg/gradle-4.6/lib/plugins/gradle-version-control-4.6.jar
7efc3411c000-7efc3411d000 r--s 00000000 fd:00 4594661                    /home/sergey/.gradle/wrapper/dists/gradle-4.6-all/bcst21l2brirad8k2ben1letg/gradle-4.6/lib/gradle-installation-beacon-4.6.jar
7efc3411d000-7efc3411f000 r--s 00006000 fd:00 4594826                    /home/sergey/.gradle/wrapper/dists/gradle-4.6-all/bcst21l2brirad8k2ben1letg/gradle-4.6/lib/plugins/maven-repository-metadata-3.0.4.jar
7efc3411f000-7efc34121000 r--s 0000c000 fd:00 4594813                    /home/sergey/.gradle/wrapper/dists/gradle-4.6-all/bcst21l2brirad8k2ben1letg/gradle-4.6/lib/plugins/maven-aether-provider-3.0.4.jar
7efc34121000-7efc34125000 r--s 00021000 fd:00 4594820                    /home/sergey/.gradle/wrapper/dists/gradle-4.6-all/bcst21l2brirad8k2ben1letg/gradle-4.6/lib/plugins/maven-model-builder-3.0.4.jar
7efc34125000-7efc34127000 r--s 00026000 fd:00 4594821                    /home/sergey/.gradle/wrapper/dists/gradle-4.6-all/bcst21l2brirad8k2ben1letg/gradle-4.6/lib/plugins/maven-model-3.0.4.jar
7efc34127000-7efc34129000 r--s 0000a000 fd:00 4594824                    /home/sergey/.gradle/wrapper/dists/gradle-4.6-all/bcst21l2brirad8k2ben1letg/gradle-4.6/lib/plugins/maven-settings-3.0.4.jar
7efc34129000-7efc3412b000 r--s 00002000 fd:00 4594838                    /home/sergey/.gradle/wrapper/dists/gradle-4.6-all/bcst21l2brirad8k2ben1letg/gradle-4.6/lib/plugins/plexus-cipher-1.7.jar
7efc3412b000-7efc3412c000 r--s 00006000 fd:00 4594825                    /home/sergey/.gradle/wrapper/dists/gradle-4.6-all/bcst21l2brirad8k2ben1letg/gradle-4.6/lib/plugins/plexus-sec-dispatcher-1.3.jar
7efc3412c000-7efc3412e000 r--s 0000d000 fd:00 4594835                    /home/sergey/.gradle/wrapper/dists/gradle-4.6-all/bcst21l2brirad8k2ben1letg/gradle-4.6/lib/plugins/plexus-interpolation-1.14.jar
7efc3412e000-7efc34130000 r--s 00000000 fd:00 4594836                    /home/sergey/.gradle/wrapper/dists/gradle-4.6-all/bcst21l2brirad8k2ben1letg/gradle-4.6/lib/plugins/plexus-component-annotations-1.5.5.jar
7efc34130000-7efc34133000 r--s 00008000 fd:00 4594822                    /home/sergey/.gradle/wrapper/dists/gradle-4.6-all/bcst21l2brirad8k2ben1letg/gradle-4.6/lib/plugins/maven-settings-builder-3.0.4.jar
7efc34133000-7efc34137000 r--s 00035000 fd:00 4594827                    /home/sergey/.gradle/wrapper/dists/gradle-4.6-all/bcst21l2brirad8k2ben1letg/gradle-4.6/lib/plugins/plexus-utils-3.0.8.jar
7efc34137000-7efc34139000 r--s 0000b000 fd:00 4594823                    /home/sergey/.gradle/wrapper/dists/gradle-4.6-all/bcst21l2brirad8k2ben1letg/gradle-4.6/lib/plugins/maven-artifact-3.0.4.jar
7efc34139000-7efc3413c000 r--s 0001d000 fd:00 4594814                    /home/sergey/.gradle/wrapper/dists/gradle-4.6-all/bcst21l2brirad8k2ben1letg/gradle-4.6/lib/plugins/aether-impl-1.13.1.jar
7efc3413c000-7efc34140000 r--s 0001c000 fd:00 4594816                    /home/sergey/.gradle/wrapper/dists/gradle-4.6-all/bcst21l2brirad8k2ben1letg/gradle-4.6/lib/plugins/aether-util-1.13.1.jar
7efc34140000-7efc34143000 r--s 00013000 fd:00 4594817                    /home/sergey/.gradle/wrapper/dists/gradle-4.6-all/bcst21l2brirad8k2ben1letg/gradle-4.6/lib/plugins/aether-api-1.13.1.jar
7efc34143000-7efc3414f000 r--s 0007d000 fd:00 4594785                    /home/sergey/.gradle/wrapper/dists/gradle-4.6-all/bcst21l2brirad8k2ben1letg/gradle-4.6/lib/plugins/maven-core-3.0.4.jar
7efc3414f000-7efc3415e000 r--s 000d9000 fd:00 4594805                    /home/sergey/.gradle/wrapper/dists/gradle-4.6-all/bcst21l2brirad8k2ben1letg/gradle-4.6/lib/plugins/ivy-2.2.0.jar
7efc3415e000-7efc34163000 r--s 00034000 fd:00 4594793                    /home/sergey/.gradle/wrapper/dists/gradle-4.6-all/bcst21l2brirad8k2ben1letg/gradle-4.6/lib/plugins/gson-2.7.jar
7efc34163000-7efc341b6000 r--s 00373000 fd:00 4594812                    /home/sergey/.gradle/wrapper/dists/gradle-4.6-all/bcst21l2brirad8k2ben1letg/gradle-4.6/lib/plugins/bcprov-jdk15on-1.58.jar
7efc341b6000-7efc341de000 r--s 00146000 fd:00 4594761                    /home/sergey/.gradle/wrapper/dists/gradle-4.6-all/bcst21l2brirad8k2ben1letg/gradle-4.6/lib/plugins/gradle-dependency-management-4.6.jar
7efc341de000-7efc341e3000 r-xp 00000000 fd:00 4596024                    /home/sergey/.gradle/native/25/linux-amd64/libnative-platform.so
7efc341e3000-7efc343e2000 ---p 00005000 fd:00 4596024                    /home/sergey/.gradle/native/25/linux-amd64/libnative-platform.so
7efc343e2000-7efc343e3000 rw-p 00004000 fd:00 4596024                    /home/sergey/.gradle/native/25/linux-amd64/libnative-platform.so
7efc343e3000-7efc343f4000 r-xp 00000000 fd:00 5374037                    /opt/android-studio/jre/jre/lib/amd64/libnio.so
7efc343f4000-7efc345f3000 ---p 00011000 fd:00 5374037                    /opt/android-studio/jre/jre/lib/amd64/libnio.so
7efc345f3000-7efc345f4000 r--p 00010000 fd:00 5374037                    /opt/android-studio/jre/jre/lib/amd64/libnio.so
7efc345f4000-7efc345f5000 rw-p 00011000 fd:00 5374037                    /opt/android-studio/jre/jre/lib/amd64/libnio.so
7efc345f5000-7efc375f6000 rw-p 00000000 00:00 0 
7efc375f6000-7efc3760c000 r-xp 00000000 fd:00 5374046                    /opt/android-studio/jre/jre/lib/amd64/libnet.so
7efc3760c000-7efc3780b000 ---p 00016000 fd:00 5374046                    /opt/android-studio/jre/jre/lib/amd64/libnet.so
7efc3780b000-7efc3780c000 r--p 00015000 fd:00 5374046                    /opt/android-studio/jre/jre/lib/amd64/libnet.so
7efc3780c000-7efc3780d000 rw-p 00016000 fd:00 5374046                    /opt/android-studio/jre/jre/lib/amd64/libnet.so
7efc3780d000-7efc37817000 r--s 00116000 fd:00 5374077                    /opt/android-studio/jre/jre/lib/ext/localedata.jar
7efc37817000-7efc3784b000 r--s 0023d000 fd:00 4594651                    /home/sergey/.gradle/wrapper/dists/gradle-4.6-all/bcst21l2brirad8k2ben1letg/gradle-4.6/lib/kotlin-reflect-1.2.21.jar
7efc3784b000-7efc379fa000 r--s 017aa000 fd:00 4594650                    /home/sergey/.gradle/wrapper/dists/gradle-4.6-all/bcst21l2brirad8k2ben1letg/gradle-4.6/lib/kotlin-compiler-embeddable-1.2.21.jar
7efc379fa000-7efc379fb000 ---p 00000000 00:00 0 
7efc379fb000-7efc37afb000 rw-p 00000000 00:00 0 
7efc37afb000-7efc37afe000 ---p 00000000 00:00 0 
7efc37afe000-7efc37bfc000 rw-p 00000000 00:00 0 
7efc37bfc000-7efc37bfd000 ---p 00000000 00:00 0 
7efc37bfd000-7efc37c00000 ---p 00000000 00:00 0 
7efc37c00000-7efc37cfd000 rw-p 00000000 00:00 0 
7efc37cfd000-7efc37cfe000 ---p 00000000 00:00 0 
7efc37cfe000-7efc37d01000 ---p 00000000 00:00 0 
7efc37d01000-7efc37dfe000 rw-p 00000000 00:00 0 
7efc37dfe000-7efc37dff000 ---p 00000000 00:00 0 
7efc37dff000-7efc37e02000 ---p 00000000 00:00 0 
7efc37e02000-7efc37eff000 rw-p 00000000 00:00 0 
7efc37eff000-7efc37f02000 ---p 00000000 00:00 0 
7efc37f02000-7efc38000000 rw-p 00000000 00:00 0 
7efc38000000-7efc38021000 rw-p 00000000 00:00 0 
7efc38021000-7efc3c000000 ---p 00000000 00:00 0 
7efc3c000000-7efc3c001000 r--s 00003000 fd:00 4594815                    /home/sergey/.gradle/wrapper/dists/gradle-4.6-all/bcst21l2brirad8k2ben1letg/gradle-4.6/lib/plugins/aether-spi-1.13.1.jar
7efc3c001000-7efc3c003000 r--s 00010000 fd:00 4594766                    /home/sergey/.gradle/wrapper/dists/gradle-4.6-all/bcst21l2brirad8k2ben1letg/gradle-4.6/lib/plugins/asm-util-6.0.jar
7efc3c003000-7efc3c006000 r--s 0000d000 fd:00 4594764                    /home/sergey/.gradle/wrapper/dists/gradle-4.6-all/bcst21l2brirad8k2ben1letg/gradle-4.6/lib/plugins/gradle-workers-4.6.jar
7efc3c006000-7efc3c007000 r--s 00006000 fd:00 4594660                    /home/sergey/.gradle/wrapper/dists/gradle-4.6-all/bcst21l2brirad8k2ben1letg/gradle-4.6/lib/gradle-wrapper-4.6.jar
7efc3c007000-7efc3c015000 r--s 00046000 fd:00 4594659                    /home/sergey/.gradle/wrapper/dists/gradle-4.6-all/bcst21l2brirad8k2ben1letg/gradle-4.6/lib/gradle-tooling-api-4.6.jar
7efc3c015000-7efc3c017000 r--s 00002000 fd:00 4594656                    /home/sergey/.gradle/wrapper/dists/gradle-4.6-all/bcst21l2brirad8k2ben1letg/gradle-4.6/lib/kotlin-stdlib-jdk8-1.2.21.jar
7efc3c017000-7efc3c018000 r--s 00000000 fd:00 4594655                    /home/sergey/.gradle/wrapper/dists/gradle-4.6-all/bcst21l2brirad8k2ben1letg/gradle-4.6/lib/kotlin-stdlib-jdk7-1.2.21.jar
7efc3c018000-7efc3c027000 r--s 000d5000 fd:00 4594654                    /home/sergey/.gradle/wrapper/dists/gradle-4.6-all/bcst21l2brirad8k2ben1letg/gradle-4.6/lib/kotlin-stdlib-1.2.21.jar
7efc3c027000-7efc3c029000 r--s 00008000 fd:00 4594653                    /home/sergey/.gradle/wrapper/dists/gradle-4.6-all/bcst21l2brirad8k2ben1letg/gradle-4.6/lib/kotlin-script-runtime-1.2.21.jar
7efc3c029000-7efc3c02a000 r--s 00002000 fd:00 4594652                    /home/sergey/.gradle/wrapper/dists/gradle-4.6-all/bcst21l2brirad8k2ben1letg/gradle-4.6/lib/kotlin-sam-with-receiver-compiler-plugin-1.2.21.jar
7efc3c02a000-7efc3c02c000 r--s 00000000 fd:00 4594649                    /home/sergey/.gradle/wrapper/dists/gradle-4.6-all/bcst21l2brirad8k2ben1letg/gradle-4.6/lib/gradle-kotlin-dsl-tooling-models-0.15.6.jar
7efc3c02c000-7efc3c02e000 r--s 00003000 fd:00 4594646                    /home/sergey/.gradle/wrapper/dists/gradle-4.6-all/bcst21l2brirad8k2ben1letg/gradle-4.6/lib/annotations-13.0.jar
7efc3c02e000-7efc3c03a000 r--s 0009c000 fd:00 4594647                    /home/sergey/.gradle/wrapper/dists/gradle-4.6-all/bcst21l2brirad8k2ben1letg/gradle-4.6/lib/gradle-kotlin-dsl-0.15.6.jar
7efc3c03a000-7efc3c03e000 r--s 00013000 fd:00 4594665                    /home/sergey/.gradle/wrapper/dists/gradle-4.6-all/bcst21l2brirad8k2ben1letg/gradle-4.6/lib/gradle-build-cache-4.6.jar
7efc3c03e000-7efc3c044000 r--s 0002e000 fd:00 4594669                    /home/sergey/.gradle/wrapper/dists/gradle-4.6-all/bcst21l2brirad8k2ben1letg/gradle-4.6/lib/gradle-persistent-cache-4.6.jar
7efc3c044000-7efc3c048000 r--s 00014000 fd:00 4594668                    /home/sergey/.gradle/wrapper/dists/gradle-4.6-all/bcst21l2brirad8k2ben1letg/gradle-4.6/lib/gradle-resources-4.6.jar
7efc3c048000-7efc3c049000 r--s 00003000 fd:00 4594676                    /home/sergey/.gradle/wrapper/dists/gradle-4.6-all/bcst21l2brirad8k2ben1letg/gradle-4.6/lib/gradle-build-option-4.6.jar
7efc3c049000-7efc3c04b000 r--s 00005000 fd:00 4594677                    /home/sergey/.gradle/wrapper/dists/gradle-4.6-all/bcst21l2brirad8k2ben1letg/gradle-4.6/lib/gradle-cli-4.6.jar
7efc3c04b000-7efc3c04d000 r--s 00004000 fd:00 4594685                    /home/sergey/.gradle/wrapper/dists/gradle-4.6-all/bcst21l2brirad8k2ben1letg/gradle-4.6/lib/log4j-over-slf4j-1.7.16.jar
7efc3c04d000-7efc3c04f000 r--s 00000000 fd:00 4594684                    /home/sergey/.gradle/wrapper/dists/gradle-4.6-all/bcst21l2brirad8k2ben1letg/gradle-4.6/lib/jul-to-slf4j-1.7.16.jar
7efc3c04f000-7efc3c051000 r--s 00003000 fd:00 4594687                    /home/sergey/.gradle/wrapper/dists/gradle-4.6-all/bcst21l2brirad8k2ben1letg/gradle-4.6/lib/jcl-over-slf4j-1.7.16.jar
7efc3c051000-7efc3c058000 r--s 00030000 fd:00 4594666                    /home/sergey/.gradle/wrapper/dists/gradle-4.6-all/bcst21l2brirad8k2ben1letg/gradle-4.6/lib/gradle-logging-4.6.jar
7efc3c058000-7efc3c068000 r--s 00082000 fd:00 4594672                    /home/sergey/.gradle/wrapper/dists/gradle-4.6-all/bcst21l2brirad8k2ben1letg/gradle-4.6/lib/gradle-model-core-4.6.jar
7efc3c068000-7efc3c06a000 r--s 00006000 fd:00 4594673                    /home/sergey/.gradle/wrapper/dists/gradle-4.6-all/bcst21l2brirad8k2ben1letg/gradle-4.6/lib/gradle-base-services-groovy-4.6.jar
7efc3c06a000-7efc3c06c000 r--s 00007000 fd:00 4594671                    /home/sergey/.gradle/wrapper/dists/gradle-4.6-all/bcst21l2brirad8k2ben1letg/gradle-4.6/lib/gradle-model-groovy-4.6.jar
7efc3c06c000-7efc3c075000 r--s 0002d000 fd:00 4594699                    /home/sergey/.gradle/wrapper/dists/gradle-4.6-all/bcst21l2brirad8k2ben1letg/gradle-4.6/lib/xml-apis-1.4.01.jar
7efc3c075000-7efc3c0e5000 r--s 00646000 fd:00 4594686                    /home/sergey/.gradle/wrapper/dists/gradle-4.6-all/bcst21l2brirad8k2ben1letg/gradle-4.6/lib/groovy-all-2.4.12.jar
7efc3c0e5000-7efc3c4f5000 r--p 00000000 fd:00 6298858                    /usr/lib/locale/locale-archive
7efc3c4f5000-7efc3c4f8000 ---p 00000000 00:00 0 
7efc3c4f8000-7efc3c5f6000 rw-p 00000000 00:00 0 
7efc3c5f6000-7efc3c5f9000 ---p 00000000 00:00 0 
7efc3c5f9000-7efc3c6f7000 rw-p 00000000 00:00 0 
7efc3c6f7000-7efc3c6f8000 ---p 00000000 00:00 0 
7efc3c6f8000-7efc40000000 rw-p 00000000 00:00 0 
7efc40000000-7efc40021000 rw-p 00000000 00:00 0 
7efc40021000-7efc44000000 ---p 00000000 00:00 0 
7efc44000000-7efc44001000 r--s 00002000 fd:00 4594700                    /home/sergey/.gradle/wrapper/dists/gradle-4.6-all/bcst21l2brirad8k2ben1letg/gradle-4.6/lib/gradle-docs-4.6.jar
7efc44001000-7efc44002000 r--s 00000000 fd:00 4594695                    /home/sergey/.gradle/wrapper/dists/gradle-4.6-all/bcst21l2brirad8k2ben1letg/gradle-4.6/lib/javax.inject-1.jar
7efc44002000-7efc4400c000 r--s 00078000 fd:00 4594698                    /home/sergey/.gradle/wrapper/dists/gradle-4.6-all/bcst21l2brirad8k2ben1letg/gradle-4.6/lib/commons-compress-1.14.jar
7efc4400c000-7efc44019000 r--s 00083000 fd:00 4594696                    /home/sergey/.gradle/wrapper/dists/gradle-4.6-all/bcst21l2brirad8k2ben1letg/gradle-4.6/lib/commons-collections-3.2.2.jar
7efc44019000-7efc4401b000 r--s 0000a000 fd:00 4594679                    /home/sergey/.gradle/wrapper/dists/gradle-4.6-all/bcst21l2brirad8k2ben1letg/gradle-4.6/lib/asm-tree-6.0.jar
7efc4401b000-7efc4401c000 r--s 00012000 fd:00 4594678                    /home/sergey/.gradle/wrapper/dists/gradle-4.6-all/bcst21l2brirad8k2ben1letg/gradle-4.6/lib/asm-commons-6.0.jar
7efc4401c000-7efc4401d000 r--s 00004000 fd:00 4594703                    /home/sergey/.gradle/wrapper/dists/gradle-4.6-all/bcst21l2brirad8k2ben1letg/gradle-4.6/lib/native-platform-freebsd-amd64-libcpp-0.14.jar
7efc4401d000-7efc4401e000 r--s 00004000 fd:00 4594704                    /home/sergey/.gradle/wrapper/dists/gradle-4.6-all/bcst21l2brirad8k2ben1letg/gradle-4.6/lib/native-platform-freebsd-amd64-libstdcpp-0.14.jar
7efc4401e000-7efc4401f000 r--s 00004000 fd:00 4594705                    /home/sergey/.gradle/wrapper/dists/gradle-4.6-all/bcst21l2brirad8k2ben1letg/gradle-4.6/lib/native-platform-freebsd-i386-libcpp-0.14.jar
7efc4401f000-7efc44020000 r--s 00003000 fd:00 4594706                    /home/sergey/.gradle/wrapper/dists/gradle-4.6-all/bcst21l2brirad8k2ben1letg/gradle-4.6/lib/native-platform-freebsd-i386-libstdcpp-0.14.jar
7efc44020000-7efc44021000 r--s 00002000 fd:00 4594707                    /home/sergey/.gradle/wrapper/dists/gradle-4.6-all/bcst21l2brirad8k2ben1letg/gradle-4.6/lib/native-platform-linux-amd64-0.14.jar
7efc44021000-7efc44022000 r--s 00002000 fd:00 4594708                    /home/sergey/.gradle/wrapper/dists/gradle-4.6-all/bcst21l2brirad8k2ben1letg/gradle-4.6/lib/native-platform-linux-i386-0.14.jar
7efc44022000-7efc44024000 r--s 00002000 fd:00 4594709                    /home/sergey/.gradle/wrapper/dists/gradle-4.6-all/bcst21l2brirad8k2ben1letg/gradle-4.6/lib/native-platform-osx-amd64-0.14.jar
7efc44024000-7efc44025000 r--s 00003000 fd:00 4594710                    /home/sergey/.gradle/wrapper/dists/gradle-4.6-all/bcst21l2brirad8k2ben1letg/gradle-4.6/lib/native-platform-osx-i386-0.14.jar
7efc44025000-7efc44027000 r--s 0000b000 fd:00 4594711                    /home/sergey/.gradle/wrapper/dists/gradle-4.6-all/bcst21l2brirad8k2ben1letg/gradle-4.6/lib/native-platform-windows-amd64-0.14.jar
7efc44027000-7efc44028000 r--s 0000b000 fd:00 4594712                    /home/sergey/.gradle/wrapper/dists/gradle-4.6-all/bcst21l2brirad8k2ben1letg/gradle-4.6/lib/native-platform-windows-i386-0.14.jar
7efc44028000-7efc44029000 r--s 00001000 fd:00 4594713                    /home/sergey/.gradle/wrapper/dists/gradle-4.6-all/bcst21l2brirad8k2ben1letg/gradle-4.6/lib/native-platform-linux-amd64-ncurses5-0.14.jar
7efc44029000-7efc4402a000 r--s 00001000 fd:00 4594714                    /home/sergey/.gradle/wrapper/dists/gradle-4.6-all/bcst21l2brirad8k2ben1letg/gradle-4.6/lib/native-platform-linux-amd64-ncurses6-0.14.jar
7efc4402a000-7efc4402b000 r--s 00001000 fd:00 4594715                    /home/sergey/.gradle/wrapper/dists/gradle-4.6-all/bcst21l2brirad8k2ben1letg/gradle-4.6/lib/native-platform-linux-i386-ncurses5-0.14.jar
7efc4402b000-7efc4402f000 r--s 00012000 fd:00 4594697                    /home/sergey/.gradle/wrapper/dists/gradle-4.6-all/bcst21l2brirad8k2ben1letg/gradle-4.6/lib/native-platform-0.14.jar
7efc4402f000-7efc44032000 r--s 00023000 fd:00 4594701                    /home/sergey/.gradle/wrapper/dists/gradle-4.6-all/bcst21l2brirad8k2ben1letg/gradle-4.6/lib/jansi-1.14.jar
7efc44032000-7efc44035000 r--s 0000c000 fd:00 4594670                    /home/sergey/.gradle/wrapper/dists/gradle-4.6-all/bcst21l2brirad8k2ben1letg/gradle-4.6/lib/gradle-native-4.6.jar
7efc44035000-7efc44037000 r--s 0000f000 fd:00 4594681                    /home/sergey/.gradle/wrapper/dists/gradle-4.6-all/bcst21l2brirad8k2ben1letg/gradle-4.6/lib/reflectasm-1.07-shaded.jar
7efc44037000-7efc44039000 r--s 00000000 fd:00 4594717                    /home/sergey/.gradle/wrapper/dists/gradle-4.6-all/bcst21l2brirad8k2ben1letg/gradle-4.6/lib/minlog-1.2.jar
7efc44039000-7efc4403b000 r--s 00007000 fd:00 4594718                    /home/sergey/.gradle/wrapper/dists/gradle-4.6-all/bcst21l2brirad8k2ben1letg/gradle-4.6/lib/objenesis-1.2.jar
7efc4403b000-7efc4403f000 r--s 00026000 fd:00 4594680                    /home/sergey/.gradle/wrapper/dists/gradle-4.6-all/bcst21l2brirad8k2ben1letg/gradle-4.6/lib/kryo-2.20.jar
7efc4403f000-7efc44046000 r--s 0002b000 fd:00 4594674                    /home/sergey/.gradle/wrapper/dists/gradle-4.6-all/bcst21l2brirad8k2ben1letg/gradle-4.6/lib/gradle-messaging-4.6.jar
7efc44046000-7efc44048000 r--s 00006000 fd:00 4594667                    /home/sergey/.gradle/wrapper/dists/gradle-4.6-all/bcst21l2brirad8k2ben1letg/gradle-4.6/lib/gradle-process-services-4.6.jar
7efc44048000-7efc4404a000 r--s 00000000 fd:00 4594663                    /home/sergey/.gradle/wrapper/dists/gradle-4.6-all/bcst21l2brirad8k2ben1letg/gradle-4.6/lib/gradle-jvm-services-4.6.jar
7efc4404a000-7efc4404c000 r--s 00006000 fd:00 4594690                    /home/sergey/.gradle/wrapper/dists/gradle-4.6-all/bcst21l2brirad8k2ben1letg/gradle-4.6/lib/jsr305-2.0.1.jar
7efc4404c000-7efc44074000 r--s 001cf000 fd:00 4594689                    /home/sergey/.gradle/wrapper/dists/gradle-4.6-all/bcst21l2brirad8k2ben1letg/gradle-4.6/lib/guava-jdk5-17.0.jar
7efc44074000-7efc44077000 r--s 0001a000 fd:00 4594691                    /home/sergey/.gradle/wrapper/dists/gradle-4.6-all/bcst21l2brirad8k2ben1letg/gradle-4.6/lib/fastutil-7.2.1-min.jar
7efc44077000-7efc44096000 r--s 001d5000 fd:00 4594694                    /home/sergey/.gradle/wrapper/dists/gradle-4.6-all/bcst21l2brirad8k2ben1letg/gradle-4.6/lib/ant-1.9.9.jar
7efc44096000-7efc440d5000 r--s 00219000 fd:00 4594662                    /home/sergey/.gradle/wrapper/dists/gradle-4.6-all/bcst21l2brirad8k2ben1letg/gradle-4.6/lib/gradle-core-4.6.jar
7efc440d5000-7efc440e2000 r--s 00035000 fd:00 4594664                    /home/sergey/.gradle/wrapper/dists/gradle-4.6-all/bcst21l2brirad8k2ben1letg/gradle-4.6/lib/gradle-core-api-4.6.jar
7efc440e2000-7efc440ed000 r--s 0005a000 fd:00 4594675                    /home/sergey/.gradle/wrapper/dists/gradle-4.6-all/bcst21l2brirad8k2ben1letg/gradle-4.6/lib/gradle-base-services-4.6.jar
7efc440ed000-7efc440f9000 r--s 0005e000 fd:00 4594657                    /home/sergey/.gradle/wrapper/dists/gradle-4.6-all/bcst21l2brirad8k2ben1letg/gradle-4.6/lib/gradle-launcher-4.6.jar
7efc440f9000-7efc45000000 rw-p 00000000 00:00 0 
7efc45000000-7efc463a0000 rwxp 00000000 00:00 0 
7efc463a0000-7efc54000000 ---p 00000000 00:00 0 
7efc54000000-7efc54ea9000 rw-p 00000000 00:00 0 
7efc54ea9000-7efc58000000 ---p 00000000 00:00 0 
7efc58000000-7efc58001000 r--s 00001000 fd:00 4594716                    /home/sergey/.gradle/wrapper/dists/gradle-4.6-all/bcst21l2brirad8k2ben1letg/gradle-4.6/lib/native-platform-linux-i386-ncurses6-0.14.jar
7efc58001000-7efc580b2000 rw-p 00000000 00:00 0 
7efc580b2000-7efc58282000 r--s 03c54000 fd:00 5374009                    /opt/android-studio/jre/jre/lib/rt.jar
7efc58282000-7efc585f8000 rw-p 00000000 00:00 0 
7efc585f8000-7efc585f9000 ---p 00000000 00:00 0 
7efc585f9000-7efc586f9000 rw-p 00000000 00:00 0 
7efc586f9000-7efc586fa000 ---p 00000000 00:00 0 
7efc586fa000-7efc587fa000 rw-p 00000000 00:00 0 
7efc587fa000-7efc587fb000 ---p 00000000 00:00 0 
7efc587fb000-7efc588fb000 rw-p 00000000 00:00 0 
7efc588fb000-7efc588fc000 ---p 00000000 00:00 0 
7efc588fc000-7efc58a16000 rw-p 00000000 00:00 0 
7efc58a16000-7efc58bfc000 ---p 00000000 00:00 0 
7efc58bfc000-7efc58c16000 rw-p 00000000 00:00 0 
7efc58c16000-7efc58dfc000 ---p 00000000 00:00 0 
7efc58dfc000-7efc58e70000 rw-p 00000000 00:00 0 
7efc58e70000-7efc58efc000 ---p 00000000 00:00 0 
7efc58efc000-7efc58f4c000 rw-p 00000000 00:00 0 
7efc58f4c000-7efc592bd000 ---p 00000000 00:00 0 
7efc592bd000-7efc592d7000 r-xp 00000000 fd:00 5374045                    /opt/android-studio/jre/jre/lib/amd64/libzip.so
7efc592d7000-7efc594d6000 ---p 0001a000 fd:00 5374045                    /opt/android-studio/jre/jre/lib/amd64/libzip.so
7efc594d6000-7efc594d7000 r--p 00019000 fd:00 5374045                    /opt/android-studio/jre/jre/lib/amd64/libzip.so
7efc594d7000-7efc594d8000 rw-p 0001a000 fd:00 5374045                    /opt/android-studio/jre/jre/lib/amd64/libzip.so
7efc594d8000-7efc594e3000 r-xp 00000000 fd:00 5116678                    /lib/x86_64-linux-gnu/libnss_files-2.27.so
7efc594e3000-7efc596e2000 ---p 0000b000 fd:00 5116678                    /lib/x86_64-linux-gnu/libnss_files-2.27.so
7efc596e2000-7efc596e3000 r--p 0000a000 fd:00 5116678                    /lib/x86_64-linux-gnu/libnss_files-2.27.so
7efc596e3000-7efc596e4000 rw-p 0000b000 fd:00 5116678                    /lib/x86_64-linux-gnu/libnss_files-2.27.so
7efc596e4000-7efc596ea000 rw-p 00000000 00:00 0 
7efc596ea000-7efc59701000 r-xp 00000000 fd:00 5116672                    /lib/x86_64-linux-gnu/libnsl-2.27.so
7efc59701000-7efc59900000 ---p 00017000 fd:00 5116672                    /lib/x86_64-linux-gnu/libnsl-2.27.so
7efc59900000-7efc59901000 r--p 00016000 fd:00 5116672                    /lib/x86_64-linux-gnu/libnsl-2.27.so
7efc59901000-7efc59902000 rw-p 00017000 fd:00 5116672                    /lib/x86_64-linux-gnu/libnsl-2.27.so
7efc59902000-7efc59904000 rw-p 00000000 00:00 0 
7efc59904000-7efc5990f000 r-xp 00000000 fd:00 5116688                    /lib/x86_64-linux-gnu/libnss_nis-2.27.so
7efc5990f000-7efc59b0e000 ---p 0000b000 fd:00 5116688                    /lib/x86_64-linux-gnu/libnss_nis-2.27.so
7efc59b0e000-7efc59b0f000 r--p 0000a000 fd:00 5116688                    /lib/x86_64-linux-gnu/libnss_nis-2.27.so
7efc59b0f000-7efc59b10000 rw-p 0000b000 fd:00 5116688                    /lib/x86_64-linux-gnu/libnss_nis-2.27.so
7efc59b10000-7efc59b18000 r-xp 00000000 fd:00 5116674                    /lib/x86_64-linux-gnu/libnss_compat-2.27.so
7efc59b18000-7efc59d18000 ---p 00008000 fd:00 5116674                    /lib/x86_64-linux-gnu/libnss_compat-2.27.so
7efc59d18000-7efc59d19000 r--p 00008000 fd:00 5116674                    /lib/x86_64-linux-gnu/libnss_compat-2.27.so
7efc59d19000-7efc59d1a000 rw-p 00009000 fd:00 5116674                    /lib/x86_64-linux-gnu/libnss_compat-2.27.so
7efc59d1a000-7efc59d47000 r-xp 00000000 fd:00 5374044                    /opt/android-studio/jre/jre/lib/amd64/libjava.so
7efc59d47000-7efc59f46000 ---p 0002d000 fd:00 5374044                    /opt/android-studio/jre/jre/lib/amd64/libjava.so
7efc59f46000-7efc59f47000 r--p 0002c000 fd:00 5374044                    /opt/android-studio/jre/jre/lib/amd64/libjava.so
7efc59f47000-7efc59f49000 rw-p 0002d000 fd:00 5374044                    /opt/android-studio/jre/jre/lib/amd64/libjava.so
7efc59f49000-7efc59f5a000 r-xp 00000000 fd:00 5374026                    /opt/android-studio/jre/jre/lib/amd64/libverify.so
7efc59f5a000-7efc5a159000 ---p 00011000 fd:00 5374026                    /opt/android-studio/jre/jre/lib/amd64/libverify.so
7efc5a159000-7efc5a15b000 r--p 00010000 fd:00 5374026                    /opt/android-studio/jre/jre/lib/amd64/libverify.so
7efc5a15b000-7efc5a15c000 rw-p 00012000 fd:00 5374026                    /opt/android-studio/jre/jre/lib/amd64/libverify.so
7efc5a15c000-7efc5a163000 r-xp 00000000 fd:00 5116728                    /lib/x86_64-linux-gnu/librt-2.27.so
7efc5a163000-7efc5a362000 ---p 00007000 fd:00 5116728                    /lib/x86_64-linux-gnu/librt-2.27.so
7efc5a362000-7efc5a363000 r--p 00006000 fd:00 5116728                    /lib/x86_64-linux-gnu/librt-2.27.so
7efc5a363000-7efc5a364000 rw-p 00007000 fd:00 5116728                    /lib/x86_64-linux-gnu/librt-2.27.so
7efc5a364000-7efc5a501000 r-xp 00000000 fd:00 5116651                    /lib/x86_64-linux-gnu/libm-2.27.so
7efc5a501000-7efc5a700000 ---p 0019d000 fd:00 5116651                    /lib/x86_64-linux-gnu/libm-2.27.so
7efc5a700000-7efc5a701000 r--p 0019c000 fd:00 5116651                    /lib/x86_64-linux-gnu/libm-2.27.so
7efc5a701000-7efc5a702000 rw-p 0019d000 fd:00 5116651                    /lib/x86_64-linux-gnu/libm-2.27.so
7efc5a702000-7efc5b36e000 r-xp 00000000 fd:00 5374019                    /opt/android-studio/jre/jre/lib/amd64/server/libjvm.so
7efc5b36e000-7efc5b56e000 ---p 00c6c000 fd:00 5374019                    /opt/android-studio/jre/jre/lib/amd64/server/libjvm.so
7efc5b56e000-7efc5b602000 r--p 00c6c000 fd:00 5374019                    /opt/android-studio/jre/jre/lib/amd64/server/libjvm.so
7efc5b602000-7efc5b62a000 rw-p 00d00000 fd:00 5374019                    /opt/android-studio/jre/jre/lib/amd64/server/libjvm.so
7efc5b62a000-7efc5b65b000 rw-p 00000000 00:00 0 
7efc5b65b000-7efc5b842000 r-xp 00000000 fd:00 5116588                    /lib/x86_64-linux-gnu/libc-2.27.so
7efc5b842000-7efc5ba42000 ---p 001e7000 fd:00 5116588                    /lib/x86_64-linux-gnu/libc-2.27.so
7efc5ba42000-7efc5ba46000 r--p 001e7000 fd:00 5116588                    /lib/x86_64-linux-gnu/libc-2.27.so
7efc5ba46000-7efc5ba48000 rw-p 001eb000 fd:00 5116588                    /lib/x86_64-linux-gnu/libc-2.27.so
7efc5ba48000-7efc5ba4c000 rw-p 00000000 00:00 0 
7efc5ba4c000-7efc5ba4f000 r-xp 00000000 fd:00 5116611                    /lib/x86_64-linux-gnu/libdl-2.27.so
7efc5ba4f000-7efc5bc4e000 ---p 00003000 fd:00 5116611                    /lib/x86_64-linux-gnu/libdl-2.27.so
7efc5bc4e000-7efc5bc4f000 r--p 00002000 fd:00 5116611                    /lib/x86_64-linux-gnu/libdl-2.27.so
7efc5bc4f000-7efc5bc50000 rw-p 00003000 fd:00 5116611                    /lib/x86_64-linux-gnu/libdl-2.27.so
7efc5bc50000-7efc5bc66000 r-xp 00000000 fd:00 5374122                    /opt/android-studio/jre/lib/amd64/jli/libjli.so
7efc5bc66000-7efc5be66000 ---p 00016000 fd:00 5374122                    /opt/android-studio/jre/lib/amd64/jli/libjli.so
7efc5be66000-7efc5be67000 r--p 00016000 fd:00 5374122                    /opt/android-studio/jre/lib/amd64/jli/libjli.so
7efc5be67000-7efc5be68000 rw-p 00017000 fd:00 5374122                    /opt/android-studio/jre/lib/amd64/jli/libjli.so
7efc5be68000-7efc5be82000 r-xp 00000000 fd:00 5116720                    /lib/x86_64-linux-gnu/libpthread-2.27.so
7efc5be82000-7efc5c081000 ---p 0001a000 fd:00 5116720                    /lib/x86_64-linux-gnu/libpthread-2.27.so
7efc5c081000-7efc5c082000 r--p 00019000 fd:00 5116720                    /lib/x86_64-linux-gnu/libpthread-2.27.so
7efc5c082000-7efc5c083000 rw-p 0001a000 fd:00 5116720                    /lib/x86_64-linux-gnu/libpthread-2.27.so
7efc5c083000-7efc5c087000 rw-p 00000000 00:00 0 
7efc5c087000-7efc5c0ae000 r-xp 00000000 fd:00 5116560                    /lib/x86_64-linux-gnu/ld-2.27.so
7efc5c0ae000-7efc5c0af000 r--s 00000000 fd:00 4594693                    /home/sergey/.gradle/wrapper/dists/gradle-4.6-all/bcst21l2brirad8k2ben1letg/gradle-4.6/lib/jcip-annotations-1.0.jar
7efc5c0af000-7efc5c0b4000 r--s 00041000 fd:00 4594692                    /home/sergey/.gradle/wrapper/dists/gradle-4.6-all/bcst21l2brirad8k2ben1letg/gradle-4.6/lib/commons-lang-2.6.jar
7efc5c0b4000-7efc5c0b8000 r--s 0002a000 fd:00 4594683                    /home/sergey/.gradle/wrapper/dists/gradle-4.6-all/bcst21l2brirad8k2ben1letg/gradle-4.6/lib/commons-io-2.4.jar
7efc5c0b8000-7efc5c17d000 rw-p 00000000 00:00 0 
7efc5c17d000-7efc5c17e000 ---p 00000000 00:00 0 
7efc5c17e000-7efc5c181000 ---p 00000000 00:00 0 
7efc5c181000-7efc5c282000 rw-p 00000000 00:00 0 
7efc5c282000-7efc5c284000 r--s 00016000 fd:00 4594682                    /home/sergey/.gradle/wrapper/dists/gradle-4.6-all/bcst21l2brirad8k2ben1letg/gradle-4.6/lib/asm-6.0.jar
7efc5c284000-7efc5c285000 r--s 00009000 fd:00 4594688                    /home/sergey/.gradle/wrapper/dists/gradle-4.6-all/bcst21l2brirad8k2ben1letg/gradle-4.6/lib/slf4j-api-1.7.16.jar
7efc5c285000-7efc5c286000 r--s 00004000 fd:00 4594702                    /home/sergey/.gradle/wrapper/dists/gradle-4.6-all/bcst21l2brirad8k2ben1letg/gradle-4.6/lib/ant-launcher-1.9.9.jar
7efc5c286000-7efc5c2a4000 rw-p 00000000 00:00 0 
7efc5c2a4000-7efc5c2ac000 rw-s 00000000 fd:00 5767279                    /tmp/hsperfdata_sergey/8522
7efc5c2ac000-7efc5c2ad000 rw-p 00000000 00:00 0 
7efc5c2ad000-7efc5c2ae000 ---p 00000000 00:00 0 
7efc5c2ae000-7efc5c2af000 r--p 00027000 fd:00 5116560                    /lib/x86_64-linux-gnu/ld-2.27.so
7efc5c2af000-7efc5c2b0000 rw-p 00028000 fd:00 5116560                    /lib/x86_64-linux-gnu/ld-2.27.so
7efc5c2b0000-7efc5c2b1000 rw-p 00000000 00:00 0 
7ffcd1b0a000-7ffcd1b2b000 rw-p 00000000 00:00 0                          [stack]
7ffcd1bf8000-7ffcd1bfb000 r--p 00000000 00:00 0                          [vvar]
7ffcd1bfb000-7ffcd1bfd000 r-xp 00000000 00:00 0                          [vdso]
ffffffffff600000-ffffffffff601000 r-xp 00000000 00:00 0                  [vsyscall]

VM Arguments:
jvm_args: -Xmx1536m -Dfile.encoding=UTF-8 -Duser.country=RU -Duser.language=ru -Duser.variant 
java_command: org.gradle.launcher.daemon.bootstrap.GradleDaemon 4.6
java_class_path (initial): /home/sergey/.gradle/wrapper/dists/gradle-4.6-all/bcst21l2brirad8k2ben1letg/gradle-4.6/lib/gradle-launcher-4.6.jar
Launcher Type: SUN_STANDARD

Environment Variables:
PATH=/usr/local/sbin:/usr/local/bin:/usr/sbin:/usr/bin:/sbin:/bin:/usr/games:/usr/local/games:/snap/bin
SHELL=/bin/bash
DISPLAY=:0

Signal Handlers:
SIGSEGV: [libjvm.so+0xa71670], sa_mask[0]=11111111011111111101111111111110, sa_flags=SA_RESTART|SA_SIGINFO
SIGBUS: [libjvm.so+0xa71670], sa_mask[0]=11111111011111111101111111111110, sa_flags=SA_RESTART|SA_SIGINFO
SIGFPE: [libjvm.so+0x8b1780], sa_mask[0]=11111111011111111101111111111110, sa_flags=SA_RESTART|SA_SIGINFO
SIGPIPE: [libjvm.so+0x8b1780], sa_mask[0]=11111111011111111101111111111110, sa_flags=SA_RESTART|SA_SIGINFO
SIGXFSZ: [libjvm.so+0x8b1780], sa_mask[0]=11111111011111111101111111111110, sa_flags=SA_RESTART|SA_SIGINFO
SIGILL: [libjvm.so+0x8b1780], sa_mask[0]=11111111011111111101111111111110, sa_flags=SA_RESTART|SA_SIGINFO
SIGUSR1: SIG_DFL, sa_mask[0]=00000000000000000000000000000000, sa_flags=none
SIGUSR2: [libjvm.so+0x8b1650], sa_mask[0]=00100000000000000000000000000000, sa_flags=SA_RESTART|SA_SIGINFO
SIGHUP: [libjvm.so+0x8b1ab0], sa_mask[0]=11111111011111111101111111111110, sa_flags=SA_RESTART|SA_SIGINFO
SIGINT: [libjvm.so+0x8b1ab0], sa_mask[0]=11111111011111111101111111111110, sa_flags=SA_RESTART|SA_SIGINFO
SIGTERM: [libjvm.so+0x8b1ab0], sa_mask[0]=11111111011111111101111111111110, sa_flags=SA_RESTART|SA_SIGINFO
SIGQUIT: [libjvm.so+0x8b1ab0], sa_mask[0]=11111111011111111101111111111110, sa_flags=SA_RESTART|SA_SIGINFO


---------------  S Y S T E M  ---------------

OS:DISTRIB_ID=Ubuntu
DISTRIB_RELEASE=18.04
DISTRIB_CODENAME=bionic
DISTRIB_DESCRIPTION="Ubuntu 18.04.1 LTS"

uname:Linux 4.15.0-38-generic #41-Ubuntu SMP Wed Oct 10 10:59:38 UTC 2018 x86_64
libc:glibc 2.27 NPTL 2.27 
rlimit: STACK 8192k, CORE 0k, NPROC 14639, NOFILE 1048576, AS infinity
load average:46,04 15,46 5,96

/proc/meminfo:
MemTotal:        3908536 kB
MemFree:           85948 kB
MemAvailable:          0 kB
Buffers:             260 kB
Cached:           276952 kB
SwapCached:         1668 kB
Active:          2954384 kB
Inactive:         597320 kB
Active(anon):    2947388 kB
Inactive(anon):   589720 kB
Active(file):       6996 kB
Inactive(file):     7600 kB
Unevictable:          32 kB
Mlocked:              32 kB
SwapTotal:       1003516 kB
SwapFree:              0 kB
Dirty:                12 kB
Writeback:            16 kB
AnonPages:       3273912 kB
Mapped:            96564 kB
Shmem:            261824 kB
Slab:             116788 kB
SReclaimable:      51848 kB
SUnreclaim:        64940 kB
KernelStack:       12288 kB
PageTables:        76920 kB
NFS_Unstable:          0 kB
Bounce:                0 kB
WritebackTmp:          0 kB
CommitLimit:     2957784 kB
Committed_AS:   10877912 kB
VmallocTotal:   34359738367 kB
VmallocUsed:           0 kB
VmallocChunk:          0 kB
HardwareCorrupted:     0 kB
AnonHugePages:         0 kB
ShmemHugePages:        0 kB
ShmemPmdMapped:        0 kB
CmaTotal:              0 kB
CmaFree:               0 kB
HugePages_Total:       0
HugePages_Free:        0
HugePages_Rsvd:        0
HugePages_Surp:        0
Hugepagesize:       2048 kB
DirectMap4k:      509828 kB
DirectMap2M:     3553280 kB
DirectMap1G:     1048576 kB


CPU:total 4 (initial active 4) (2 cores per cpu, 2 threads per core) family 6 model 78 stepping 3, cmov, cx8, fxsr, mmx, sse, sse2, sse3, ssse3, sse4.1, sse4.2, popcnt, avx, avx2, aes, clmul, erms, rtm, 3dnowpref, lzcnt, ht, tsc, tscinvbit, bmi1, bmi2, adx

/proc/cpuinfo:
processor	: 0
vendor_id	: GenuineIntel
cpu family	: 6
model		: 78
model name	: Intel(R) Core(TM) i3-6100U CPU @ 2.30GHz
stepping	: 3
microcode	: 0xc6
cpu MHz		: 1285.398
cache size	: 3072 KB
physical id	: 0
siblings	: 4
core id		: 0
cpu cores	: 2
apicid		: 0
initial apicid	: 0
fpu		: yes
fpu_exception	: yes
cpuid level	: 22
wp		: yes
flags		: fpu vme de pse tsc msr pae mce cx8 apic sep mtrr pge mca cmov pat pse36 clflush dts acpi mmx fxsr sse sse2 ss ht tm pbe syscall nx pdpe1gb rdtscp lm constant_tsc art arch_perfmon pebs bts rep_good nopl xtopology nonstop_tsc cpuid aperfmperf tsc_known_freq pni pclmulqdq dtes64 monitor ds_cpl vmx est tm2 ssse3 sdbg fma cx16 xtpr pdcm pcid sse4_1 sse4_2 x2apic movbe popcnt tsc_deadline_timer aes xsave avx f16c rdrand lahf_lm abm 3dnowprefetch cpuid_fault epb invpcid_single pti ssbd ibrs ibpb stibp tpr_shadow vnmi flexpriority ept vpid fsgsbase tsc_adjust bmi1 hle avx2 smep bmi2 erms invpcid rtm mpx rdseed adx smap clflushopt intel_pt xsaveopt xsavec xgetbv1 xsaves dtherm ida arat pln pts hwp hwp_notify hwp_act_window hwp_epp flush_l1d
bugs		: cpu_meltdown spectre_v1 spectre_v2 spec_store_bypass l1tf
bogomips	: 4608.00
clflush size	: 64
cache_alignment	: 64
address sizes	: 39 bits physical, 48 bits virtual
power management:

processor	: 1
vendor_id	: GenuineIntel
cpu family	: 6
model		: 78
model name	: Intel(R) Core(TM) i3-6100U CPU @ 2.30GHz
stepping	: 3
microcode	: 0xc6
cpu MHz		: 1261.922
cache size	: 3072 KB
physical id	: 0
siblings	: 4
core id		: 1
cpu cores	: 2
apicid		: 2
initial apicid	: 2
fpu		: yes
fpu_exception	: yes
cpuid level	: 22
wp		: yes
flags		: fpu vme de pse tsc msr pae mce cx8 apic sep mtrr pge mca cmov pat pse36 clflush dts acpi mmx fxsr sse sse2 ss ht tm pbe syscall nx pdpe1gb rdtscp lm constant_tsc art arch_perfmon pebs bts rep_good nopl xtopology nonstop_tsc cpuid aperfmperf tsc_known_freq pni pclmulqdq dtes64 monitor ds_cpl vmx est tm2 ssse3 sdbg fma cx16 xtpr pdcm pcid sse4_1 sse4_2 x2apic movbe popcnt tsc_deadline_timer aes xsave avx f16c rdrand lahf_lm abm 3dnowprefetch cpuid_fault epb invpcid_single pti ssbd ibrs ibpb stibp tpr_shadow vnmi flexpriority ept vpid fsgsbase tsc_adjust bmi1 hle avx2 smep bmi2 erms invpcid rtm mpx rdseed adx smap clflushopt intel_pt xsaveopt xsavec xgetbv1 xsaves dtherm ida arat pln pts hwp hwp_notify hwp_act_window hwp_epp flush_l1d
bugs		: cpu_meltdown spectre_v1 spectre_v2 spec_store_bypass l1tf
bogomips	: 4608.00
clflush size	: 64
cache_alignment	: 64
address sizes	: 39 bits physical, 48 bits virtual
power management:

processor	: 2
vendor_id	: GenuineIntel
cpu family	: 6
model		: 78
model name	: Intel(R) Core(TM) i3-6100U CPU @ 2.30GHz
stepping	: 3
microcode	: 0xc6
cpu MHz		: 1228.290
cache size	: 3072 KB
physical id	: 0
siblings	: 4
core id		: 0
cpu cores	: 2
apicid		: 1
initial apicid	: 1
fpu		: yes
fpu_exception	: yes
cpuid level	: 22
wp		: yes
flags		: fpu vme de pse tsc msr pae mce cx8 apic sep mtrr pge mca cmov pat pse36 clflush dts acpi mmx fxsr sse sse2 ss ht tm pbe syscall nx pdpe1gb rdtscp lm constant_tsc art arch_perfmon pebs bts rep_good nopl xtopology nonstop_tsc cpuid aperfmperf tsc_known_freq pni pclmulqdq dtes64 monitor ds_cpl vmx est tm2 ssse3 sdbg fma cx16 xtpr pdcm pcid sse4_1 sse4_2 x2apic movbe popcnt tsc_deadline_timer aes xsave avx f16c rdrand lahf_lm abm 3dnowprefetch cpuid_fault epb invpcid_single pti ssbd ibrs ibpb stibp tpr_shadow vnmi flexpriority ept vpid fsgsbase tsc_adjust bmi1 hle avx2 smep bmi2 erms invpcid rtm mpx rdseed adx smap clflushopt intel_pt xsaveopt xsavec xgetbv1 xsaves dtherm ida arat pln pts hwp hwp_notify hwp_act_window hwp_epp flush_l1d
bugs		: cpu_meltdown spectre_v1 spectre_v2 spec_store_bypass l1tf
bogomips	: 4608.00
clflush size	: 64
cache_alignment	: 64
address sizes	: 39 bits physical, 48 bits virtual
power management:

processor	: 3
vendor_id	: GenuineIntel
cpu family	: 6
model		: 78
model name	: Intel(R) Core(TM) i3-6100U CPU @ 2.30GHz
stepping	: 3
microcode	: 0xc6
cpu MHz		: 1521.940
cache size	: 3072 KB
physical id	: 0
siblings	: 4
core id		: 1
cpu cores	: 2
apicid		: 3
initial apicid	: 3
fpu		: yes
fpu_exception	: yes
cpuid level	: 22
wp		: yes
flags		: fpu vme de pse tsc msr pae mce cx8 apic sep mtrr pge mca cmov pat pse36 clflush dts acpi mmx fxsr sse sse2 ss ht tm pbe syscall nx pdpe1gb rdtscp lm constant_tsc art arch_perfmon pebs bts rep_good nopl xtopology nonstop_tsc cpuid aperfmperf tsc_known_freq pni pclmulqdq dtes64 monitor ds_cpl vmx est tm2 ssse3 sdbg fma cx16 xtpr pdcm pcid sse4_1 sse4_2 x2apic movbe popcnt tsc_deadline_timer aes xsave avx f16c rdrand lahf_lm abm 3dnowprefetch cpuid_fault epb invpcid_single pti ssbd ibrs ibpb stibp tpr_shadow vnmi flexpriority ept vpid fsgsbase tsc_adjust bmi1 hle avx2 smep bmi2 erms invpcid rtm mpx rdseed adx smap clflushopt intel_pt xsaveopt xsavec xgetbv1 xsaves dtherm ida arat pln pts hwp hwp_notify hwp_act_window hwp_epp flush_l1d
bugs		: cpu_meltdown spectre_v1 spectre_v2 spec_store_bypass l1tf
bogomips	: 4608.00
clflush size	: 64
cache_alignment	: 64
address sizes	: 39 bits physical, 48 bits virtual
power management:



Memory: 4k page, physical 3908536k(90960k free), swap 1003516k(0k free)

vm_info: OpenJDK 64-Bit Server VM (25.152-b06) for linux-amd64 JRE (1.8.0_152-release-1136-b06), built by "builder" with gcc 7.3.0

time: Fri Nov  9 21:39:29 2018
elapsed time: 176 seconds (0d 0h 2m 56s)

